This is pdfTeX, Version 3.14159265-2.6-1.40.15 (TeX Live 2014) (preloaded format=pdflatex 2015.1.18)  23 MAY 2017 19:42
entering extended mode
 restricted \write18 enabled.
 %&-line parsing enabled.
**chap.fake.tex
(./chap.fake.tex
LaTeX2e <2014/05/01>
Babel <3.9l> and hyphenation patterns for 79 languages loaded.
(./outhesis.cls
Document Class: outhesis 2010/08/23 v1.0 Standard LaTeX document class
(/afs/cern.ch/sw/XML/TL2014/texmf-dist/tex/latex/amsfonts/amsfonts.sty
Package: amsfonts 2013/01/14 v3.01 Basic AMSFonts support
\@emptytoks=\toks14
\symAMSa=\mathgroup4
\symAMSb=\mathgroup5
LaTeX Font Info:    Overwriting math alphabet `\mathfrak' in version `bold'
(Font)                  U/euf/m/n --> U/euf/b/n on input line 106.
)
(/afs/cern.ch/sw/XML/TL2014/texmf-dist/tex/latex/amsmath/amsmath.sty
Package: amsmath 2013/01/14 v2.14 AMS math features
\@mathmargin=\skip41

For additional information on amsmath, use the `?' option.
(/afs/cern.ch/sw/XML/TL2014/texmf-dist/tex/latex/amsmath/amstext.sty
Package: amstext 2000/06/29 v2.01

(/afs/cern.ch/sw/XML/TL2014/texmf-dist/tex/latex/amsmath/amsgen.sty
File: amsgen.sty 1999/11/30 v2.0
\@emptytoks=\toks15
\ex@=\dimen102
))
(/afs/cern.ch/sw/XML/TL2014/texmf-dist/tex/latex/amsmath/amsbsy.sty
Package: amsbsy 1999/11/29 v1.2d
\pmbraise@=\dimen103
)
(/afs/cern.ch/sw/XML/TL2014/texmf-dist/tex/latex/amsmath/amsopn.sty
Package: amsopn 1999/12/14 v2.01 operator names
)
\inf@bad=\count79
LaTeX Info: Redefining \frac on input line 210.
\uproot@=\count80
\leftroot@=\count81
LaTeX Info: Redefining \overline on input line 306.
\classnum@=\count82
\DOTSCASE@=\count83
LaTeX Info: Redefining \ldots on input line 378.
LaTeX Info: Redefining \dots on input line 381.
LaTeX Info: Redefining \cdots on input line 466.
\Mathstrutbox@=\box26
\strutbox@=\box27
\big@size=\dimen104
LaTeX Font Info:    Redeclaring font encoding OML on input line 566.
LaTeX Font Info:    Redeclaring font encoding OMS on input line 567.
\macc@depth=\count84
\c@MaxMatrixCols=\count85
\dotsspace@=\muskip10
\c@parentequation=\count86
\dspbrk@lvl=\count87
\tag@help=\toks16
\row@=\count88
\column@=\count89
\maxfields@=\count90
\andhelp@=\toks17
\eqnshift@=\dimen105
\alignsep@=\dimen106
\tagshift@=\dimen107
\tagwidth@=\dimen108
\totwidth@=\dimen109
\lineht@=\dimen110
\@envbody=\toks18
\multlinegap=\skip42
\multlinetaggap=\skip43
\mathdisplay@stack=\toks19
LaTeX Info: Redefining \[ on input line 2665.
LaTeX Info: Redefining \] on input line 2666.
)
(/afs/cern.ch/sw/XML/TL2014/texmf-dist/tex/latex/amsfonts/amssymb.sty
Package: amssymb 2013/01/14 v3.01 AMS font symbols
)
(/afs/cern.ch/sw/XML/TL2014/texmf-dist/tex/latex/pgf/frontendlayer/tikz.sty
(/afs/cern.ch/sw/XML/TL2014/texmf-dist/tex/latex/pgf/basiclayer/pgf.sty
(/afs/cern.ch/sw/XML/TL2014/texmf-dist/tex/latex/pgf/utilities/pgfrcs.sty
(/afs/cern.ch/sw/XML/TL2014/texmf-dist/tex/generic/pgf/utilities/pgfutil-common
.tex
\pgfutil@everybye=\toks20
\pgfutil@tempdima=\dimen111
\pgfutil@tempdimb=\dimen112

(/afs/cern.ch/sw/XML/TL2014/texmf-dist/tex/generic/pgf/utilities/pgfutil-common
-lists.tex))
(/afs/cern.ch/sw/XML/TL2014/texmf-dist/tex/generic/pgf/utilities/pgfutil-latex.
def
\pgfutil@abb=\box28
 (/afs/cern.ch/sw/XML/TL2014/texmf-dist/tex/latex/ms/everyshi.sty
Package: everyshi 2001/05/15 v3.00 EveryShipout Package (MS)
))
(/afs/cern.ch/sw/XML/TL2014/texmf-dist/tex/generic/pgf/utilities/pgfrcs.code.te
x
Package: pgfrcs 2013/12/20 v3.0.0 (rcs-revision 1.28)
))
Package: pgf 2013/12/18 v3.0.0 (rcs-revision 1.14)
 (/afs/cern.ch/sw/XML/TL2014/texmf-dist/tex/latex/pgf/basiclayer/pgfcore.sty (/
afs/cern.ch/sw/XML/TL2014/texmf-dist/tex/latex/graphics/graphicx.sty
Package: graphicx 2014/10/28 v1.0g Enhanced LaTeX Graphics (DPC,SPQR)

(/afs/cern.ch/sw/XML/TL2014/texmf-dist/tex/latex/graphics/keyval.sty
Package: keyval 2014/10/28 v1.15 key=value parser (DPC)
\KV@toks@=\toks21
)
(/afs/cern.ch/sw/XML/TL2014/texmf-dist/tex/latex/graphics/graphics.sty
Package: graphics 2014/10/28 v1.0p Standard LaTeX Graphics (DPC,SPQR)

(/afs/cern.ch/sw/XML/TL2014/texmf-dist/tex/latex/graphics/trig.sty
Package: trig 1999/03/16 v1.09 sin cos tan (DPC)
)
(/afs/cern.ch/sw/XML/TL2014/texmf-dist/tex/latex/latexconfig/graphics.cfg
File: graphics.cfg 2010/04/23 v1.9 graphics configuration of TeX Live
)
Package graphics Info: Driver file: pdftex.def on input line 91.

(/afs/cern.ch/sw/XML/TL2014/texmf-dist/tex/latex/pdftex-def/pdftex.def
File: pdftex.def 2011/05/27 v0.06d Graphics/color for pdfTeX

(/afs/cern.ch/sw/XML/TL2014/texmf-dist/tex/generic/oberdiek/infwarerr.sty
Package: infwarerr 2010/04/08 v1.3 Providing info/warning/error messages (HO)
)
(/afs/cern.ch/sw/XML/TL2014/texmf-dist/tex/generic/oberdiek/ltxcmds.sty
Package: ltxcmds 2011/11/09 v1.22 LaTeX kernel commands for general use (HO)
)
\Gread@gobject=\count91
))
\Gin@req@height=\dimen113
\Gin@req@width=\dimen114
)
(/afs/cern.ch/sw/XML/TL2014/texmf-dist/tex/latex/pgf/systemlayer/pgfsys.sty
(/afs/cern.ch/sw/XML/TL2014/texmf-dist/tex/generic/pgf/systemlayer/pgfsys.code.
tex
Package: pgfsys 2013/11/30 v3.0.0 (rcs-revision 1.47)

(/afs/cern.ch/sw/XML/TL2014/texmf-dist/tex/generic/pgf/utilities/pgfkeys.code.t
ex
\pgfkeys@pathtoks=\toks22
\pgfkeys@temptoks=\toks23

(/afs/cern.ch/sw/XML/TL2014/texmf-dist/tex/generic/pgf/utilities/pgfkeysfiltere
d.code.tex
\pgfkeys@tmptoks=\toks24
))
\pgf@x=\dimen115
\pgf@y=\dimen116
\pgf@xa=\dimen117
\pgf@ya=\dimen118
\pgf@xb=\dimen119
\pgf@yb=\dimen120
\pgf@xc=\dimen121
\pgf@yc=\dimen122
\w@pgf@writea=\write3
\r@pgf@reada=\read1
\c@pgf@counta=\count92
\c@pgf@countb=\count93
\c@pgf@countc=\count94
\c@pgf@countd=\count95
\t@pgf@toka=\toks25
\t@pgf@tokb=\toks26
\t@pgf@tokc=\toks27

(/afs/cern.ch/sw/XML/TL2014/texmf-dist/tex/generic/pgf/systemlayer/pgf.cfg
File: pgf.cfg 2008/05/14  (rcs-revision 1.7)
)
Driver file for pgf: pgfsys-pdftex.def

(/afs/cern.ch/sw/XML/TL2014/texmf-dist/tex/generic/pgf/systemlayer/pgfsys-pdfte
x.def
File: pgfsys-pdftex.def 2013/07/18  (rcs-revision 1.33)

(/afs/cern.ch/sw/XML/TL2014/texmf-dist/tex/generic/pgf/systemlayer/pgfsys-commo
n-pdf.def
File: pgfsys-common-pdf.def 2013/10/10  (rcs-revision 1.13)
)))
(/afs/cern.ch/sw/XML/TL2014/texmf-dist/tex/generic/pgf/systemlayer/pgfsyssoftpa
th.code.tex
File: pgfsyssoftpath.code.tex 2013/09/09  (rcs-revision 1.9)
\pgfsyssoftpath@smallbuffer@items=\count96
\pgfsyssoftpath@bigbuffer@items=\count97
)
(/afs/cern.ch/sw/XML/TL2014/texmf-dist/tex/generic/pgf/systemlayer/pgfsysprotoc
ol.code.tex
File: pgfsysprotocol.code.tex 2006/10/16  (rcs-revision 1.4)
))
(/afs/cern.ch/sw/XML/TL2014/texmf-dist/tex/latex/xcolor/xcolor.sty
Package: xcolor 2007/01/21 v2.11 LaTeX color extensions (UK)

(/afs/cern.ch/sw/XML/TL2014/texmf-dist/tex/latex/latexconfig/color.cfg
File: color.cfg 2007/01/18 v1.5 color configuration of teTeX/TeXLive
)
Package xcolor Info: Driver file: pdftex.def on input line 225.
Package xcolor Info: Model `cmy' substituted by `cmy0' on input line 1337.
Package xcolor Info: Model `hsb' substituted by `rgb' on input line 1341.
Package xcolor Info: Model `RGB' extended on input line 1353.
Package xcolor Info: Model `HTML' substituted by `rgb' on input line 1355.
Package xcolor Info: Model `Hsb' substituted by `hsb' on input line 1356.
Package xcolor Info: Model `tHsb' substituted by `hsb' on input line 1357.
Package xcolor Info: Model `HSB' substituted by `hsb' on input line 1358.
Package xcolor Info: Model `Gray' substituted by `gray' on input line 1359.
Package xcolor Info: Model `wave' substituted by `hsb' on input line 1360.
)
(/afs/cern.ch/sw/XML/TL2014/texmf-dist/tex/generic/pgf/basiclayer/pgfcore.code.
tex
Package: pgfcore 2010/04/11 v3.0.0 (rcs-revision 1.7)

(/afs/cern.ch/sw/XML/TL2014/texmf-dist/tex/generic/pgf/math/pgfmath.code.tex
(/afs/cern.ch/sw/XML/TL2014/texmf-dist/tex/generic/pgf/math/pgfmathcalc.code.te
x
(/afs/cern.ch/sw/XML/TL2014/texmf-dist/tex/generic/pgf/math/pgfmathutil.code.te
x)
(/afs/cern.ch/sw/XML/TL2014/texmf-dist/tex/generic/pgf/math/pgfmathparser.code.
tex
\pgfmath@dimen=\dimen123
\pgfmath@count=\count98
\pgfmath@box=\box29
\pgfmath@toks=\toks28
\pgfmath@stack@operand=\toks29
\pgfmath@stack@operation=\toks30
)
(/afs/cern.ch/sw/XML/TL2014/texmf-dist/tex/generic/pgf/math/pgfmathfunctions.co
de.tex
(/afs/cern.ch/sw/XML/TL2014/texmf-dist/tex/generic/pgf/math/pgfmathfunctions.ba
sic.code.tex)
(/afs/cern.ch/sw/XML/TL2014/texmf-dist/tex/generic/pgf/math/pgfmathfunctions.tr
igonometric.code.tex)
(/afs/cern.ch/sw/XML/TL2014/texmf-dist/tex/generic/pgf/math/pgfmathfunctions.ra
ndom.code.tex)
(/afs/cern.ch/sw/XML/TL2014/texmf-dist/tex/generic/pgf/math/pgfmathfunctions.co
mparison.code.tex)
(/afs/cern.ch/sw/XML/TL2014/texmf-dist/tex/generic/pgf/math/pgfmathfunctions.ba
se.code.tex)
(/afs/cern.ch/sw/XML/TL2014/texmf-dist/tex/generic/pgf/math/pgfmathfunctions.ro
und.code.tex)
(/afs/cern.ch/sw/XML/TL2014/texmf-dist/tex/generic/pgf/math/pgfmathfunctions.mi
sc.code.tex)
(/afs/cern.ch/sw/XML/TL2014/texmf-dist/tex/generic/pgf/math/pgfmathfunctions.in
tegerarithmetics.code.tex)))
(/afs/cern.ch/sw/XML/TL2014/texmf-dist/tex/generic/pgf/math/pgfmathfloat.code.t
ex
\c@pgfmathroundto@lastzeros=\count99
))
(/afs/cern.ch/sw/XML/TL2014/texmf-dist/tex/generic/pgf/basiclayer/pgfcorepoints
.code.tex
File: pgfcorepoints.code.tex 2013/10/07  (rcs-revision 1.27)
\pgf@picminx=\dimen124
\pgf@picmaxx=\dimen125
\pgf@picminy=\dimen126
\pgf@picmaxy=\dimen127
\pgf@pathminx=\dimen128
\pgf@pathmaxx=\dimen129
\pgf@pathminy=\dimen130
\pgf@pathmaxy=\dimen131
\pgf@xx=\dimen132
\pgf@xy=\dimen133
\pgf@yx=\dimen134
\pgf@yy=\dimen135
\pgf@zx=\dimen136
\pgf@zy=\dimen137
)
(/afs/cern.ch/sw/XML/TL2014/texmf-dist/tex/generic/pgf/basiclayer/pgfcorepathco
nstruct.code.tex
File: pgfcorepathconstruct.code.tex 2013/10/07  (rcs-revision 1.29)
\pgf@path@lastx=\dimen138
\pgf@path@lasty=\dimen139
)
(/afs/cern.ch/sw/XML/TL2014/texmf-dist/tex/generic/pgf/basiclayer/pgfcorepathus
age.code.tex
File: pgfcorepathusage.code.tex 2013/12/13  (rcs-revision 1.23)
\pgf@shorten@end@additional=\dimen140
\pgf@shorten@start@additional=\dimen141
)
(/afs/cern.ch/sw/XML/TL2014/texmf-dist/tex/generic/pgf/basiclayer/pgfcorescopes
.code.tex
File: pgfcorescopes.code.tex 2013/10/09  (rcs-revision 1.44)
\pgfpic=\box30
\pgf@hbox=\box31
\pgf@layerbox@main=\box32
\pgf@picture@serial@count=\count100
)
(/afs/cern.ch/sw/XML/TL2014/texmf-dist/tex/generic/pgf/basiclayer/pgfcoregraphi
cstate.code.tex
File: pgfcoregraphicstate.code.tex 2013/09/19  (rcs-revision 1.11)
\pgflinewidth=\dimen142
)
(/afs/cern.ch/sw/XML/TL2014/texmf-dist/tex/generic/pgf/basiclayer/pgfcoretransf
ormations.code.tex
File: pgfcoretransformations.code.tex 2013/10/10  (rcs-revision 1.17)
\pgf@pt@x=\dimen143
\pgf@pt@y=\dimen144
\pgf@pt@temp=\dimen145
)
(/afs/cern.ch/sw/XML/TL2014/texmf-dist/tex/generic/pgf/basiclayer/pgfcorequick.
code.tex
File: pgfcorequick.code.tex 2008/10/09  (rcs-revision 1.3)
)
(/afs/cern.ch/sw/XML/TL2014/texmf-dist/tex/generic/pgf/basiclayer/pgfcoreobject
s.code.tex
File: pgfcoreobjects.code.tex 2006/10/11  (rcs-revision 1.2)
)
(/afs/cern.ch/sw/XML/TL2014/texmf-dist/tex/generic/pgf/basiclayer/pgfcorepathpr
ocessing.code.tex
File: pgfcorepathprocessing.code.tex 2013/09/09  (rcs-revision 1.9)
)
(/afs/cern.ch/sw/XML/TL2014/texmf-dist/tex/generic/pgf/basiclayer/pgfcorearrows
.code.tex
File: pgfcorearrows.code.tex 2013/11/07  (rcs-revision 1.40)
\pgfarrowsep=\dimen146
)
(/afs/cern.ch/sw/XML/TL2014/texmf-dist/tex/generic/pgf/basiclayer/pgfcoreshade.
code.tex
File: pgfcoreshade.code.tex 2013/07/15  (rcs-revision 1.15)
\pgf@max=\dimen147
\pgf@sys@shading@range@num=\count101
)
(/afs/cern.ch/sw/XML/TL2014/texmf-dist/tex/generic/pgf/basiclayer/pgfcoreimage.
code.tex
File: pgfcoreimage.code.tex 2013/07/15  (rcs-revision 1.18)

(/afs/cern.ch/sw/XML/TL2014/texmf-dist/tex/generic/pgf/basiclayer/pgfcoreextern
al.code.tex
File: pgfcoreexternal.code.tex 2013/07/15  (rcs-revision 1.20)
\pgfexternal@startupbox=\box33
))
(/afs/cern.ch/sw/XML/TL2014/texmf-dist/tex/generic/pgf/basiclayer/pgfcorelayers
.code.tex
File: pgfcorelayers.code.tex 2013/07/18  (rcs-revision 1.7)
)
(/afs/cern.ch/sw/XML/TL2014/texmf-dist/tex/generic/pgf/basiclayer/pgfcoretransp
arency.code.tex
File: pgfcoretransparency.code.tex 2013/09/30  (rcs-revision 1.5)
)
(/afs/cern.ch/sw/XML/TL2014/texmf-dist/tex/generic/pgf/basiclayer/pgfcorepatter
ns.code.tex
File: pgfcorepatterns.code.tex 2013/11/07  (rcs-revision 1.5)
)))
(/afs/cern.ch/sw/XML/TL2014/texmf-dist/tex/generic/pgf/modules/pgfmoduleshapes.
code.tex
File: pgfmoduleshapes.code.tex 2013/10/31  (rcs-revision 1.34)
\pgfnodeparttextbox=\box34
)
(/afs/cern.ch/sw/XML/TL2014/texmf-dist/tex/generic/pgf/modules/pgfmoduleplot.co
de.tex
File: pgfmoduleplot.code.tex 2013/07/31  (rcs-revision 1.12)
)
(/afs/cern.ch/sw/XML/TL2014/texmf-dist/tex/latex/pgf/compatibility/pgfcomp-vers
ion-0-65.sty
Package: pgfcomp-version-0-65 2007/07/03 v3.0.0 (rcs-revision 1.7)
\pgf@nodesepstart=\dimen148
\pgf@nodesepend=\dimen149
)
(/afs/cern.ch/sw/XML/TL2014/texmf-dist/tex/latex/pgf/compatibility/pgfcomp-vers
ion-1-18.sty
Package: pgfcomp-version-1-18 2007/07/23 v3.0.0 (rcs-revision 1.1)
))
(/afs/cern.ch/sw/XML/TL2014/texmf-dist/tex/latex/pgf/utilities/pgffor.sty
(/afs/cern.ch/sw/XML/TL2014/texmf-dist/tex/latex/pgf/utilities/pgfkeys.sty
(/afs/cern.ch/sw/XML/TL2014/texmf-dist/tex/generic/pgf/utilities/pgfkeys.code.t
ex)) (/afs/cern.ch/sw/XML/TL2014/texmf-dist/tex/latex/pgf/math/pgfmath.sty
(/afs/cern.ch/sw/XML/TL2014/texmf-dist/tex/generic/pgf/math/pgfmath.code.tex))
(/afs/cern.ch/sw/XML/TL2014/texmf-dist/tex/generic/pgf/utilities/pgffor.code.te
x
Package: pgffor 2013/12/13 v3.0.0 (rcs-revision 1.25)
 (/afs/cern.ch/sw/XML/TL2014/texmf-dist/tex/generic/pgf/math/pgfmath.code.tex)
\pgffor@iter=\dimen150
\pgffor@skip=\dimen151
\pgffor@stack=\toks31
\pgffor@toks=\toks32
))
(/afs/cern.ch/sw/XML/TL2014/texmf-dist/tex/generic/pgf/frontendlayer/tikz/tikz.
code.tex
Package: tikz 2013/12/13 v3.0.0 (rcs-revision 1.142)

(/afs/cern.ch/sw/XML/TL2014/texmf-dist/tex/generic/pgf/libraries/pgflibraryplot
handlers.code.tex
File: pgflibraryplothandlers.code.tex 2013/08/31 v3.0.0 (rcs-revision 1.20)
\pgf@plot@mark@count=\count102
\pgfplotmarksize=\dimen152
)
\tikz@lastx=\dimen153
\tikz@lasty=\dimen154
\tikz@lastxsaved=\dimen155
\tikz@lastysaved=\dimen156
\tikzleveldistance=\dimen157
\tikzsiblingdistance=\dimen158
\tikz@figbox=\box35
\tikz@figbox@bg=\box36
\tikz@tempbox=\box37
\tikz@tempbox@bg=\box38
\tikztreelevel=\count103
\tikznumberofchildren=\count104
\tikznumberofcurrentchild=\count105
\tikz@fig@count=\count106

(/afs/cern.ch/sw/XML/TL2014/texmf-dist/tex/generic/pgf/modules/pgfmodulematrix.
code.tex
File: pgfmodulematrix.code.tex 2013/09/17  (rcs-revision 1.8)
\pgfmatrixcurrentrow=\count107
\pgfmatrixcurrentcolumn=\count108
\pgf@matrix@numberofcolumns=\count109
)
\tikz@expandcount=\count110

(/afs/cern.ch/sw/XML/TL2014/texmf-dist/tex/generic/pgf/frontendlayer/tikz/libra
ries/tikzlibrarytopaths.code.tex
File: tikzlibrarytopaths.code.tex 2008/06/17 v3.0.0 (rcs-revision 1.2)
)))
(/afs/cern.ch/sw/XML/TL2014/texmf-dist/tex/generic/pgf/frontendlayer/tikz/libra
ries/tikzlibraryshapes.code.tex
File: tikzlibraryshapes.code.tex 2008/01/09 v3.0.0 (rcs-revision 1.1)

(/afs/cern.ch/sw/XML/TL2014/texmf-dist/tex/generic/pgf/frontendlayer/tikz/libra
ries/tikzlibraryshapes.geometric.code.tex
File: tikzlibraryshapes.geometric.code.tex 2008/01/09 v3.0.0 (rcs-revision 1.1)


(/afs/cern.ch/sw/XML/TL2014/texmf-dist/tex/generic/pgf/libraries/shapes/pgflibr
aryshapes.geometric.code.tex
File: pgflibraryshapes.geometric.code.tex 2008/06/26 v3.0.0 (rcs-revision 1.1)
))
(/afs/cern.ch/sw/XML/TL2014/texmf-dist/tex/generic/pgf/frontendlayer/tikz/libra
ries/tikzlibraryshapes.misc.code.tex
File: tikzlibraryshapes.misc.code.tex 2008/01/09 v3.0.0 (rcs-revision 1.1)

(/afs/cern.ch/sw/XML/TL2014/texmf-dist/tex/generic/pgf/libraries/shapes/pgflibr
aryshapes.misc.code.tex
File: pgflibraryshapes.misc.code.tex 2013/07/18 v3.0.0 (rcs-revision 1.5)
))
(/afs/cern.ch/sw/XML/TL2014/texmf-dist/tex/generic/pgf/frontendlayer/tikz/libra
ries/tikzlibraryshapes.symbols.code.tex
File: tikzlibraryshapes.symbols.code.tex 2008/01/09 v3.0.0 (rcs-revision 1.1)

(/afs/cern.ch/sw/XML/TL2014/texmf-dist/tex/generic/pgf/libraries/shapes/pgflibr
aryshapes.symbols.code.tex
File: pgflibraryshapes.symbols.code.tex 2013/09/11 v3.0.0 (rcs-revision 1.6)
))
(/afs/cern.ch/sw/XML/TL2014/texmf-dist/tex/generic/pgf/frontendlayer/tikz/libra
ries/tikzlibraryshapes.arrows.code.tex
File: tikzlibraryshapes.arrows.code.tex 2008/01/09 v3.0.0 (rcs-revision 1.1)

(/afs/cern.ch/sw/XML/TL2014/texmf-dist/tex/generic/pgf/libraries/shapes/pgflibr
aryshapes.arrows.code.tex
File: pgflibraryshapes.arrows.code.tex 2008/06/26 v3.0.0 (rcs-revision 1.1)
))
(/afs/cern.ch/sw/XML/TL2014/texmf-dist/tex/generic/pgf/frontendlayer/tikz/libra
ries/tikzlibraryshapes.callouts.code.tex
(/afs/cern.ch/sw/XML/TL2014/texmf-dist/tex/generic/pgf/libraries/shapes/pgflibr
aryshapes.callouts.code.tex))
(/afs/cern.ch/sw/XML/TL2014/texmf-dist/tex/generic/pgf/frontendlayer/tikz/libra
ries/tikzlibraryshapes.multipart.code.tex
File: tikzlibraryshapes.multipart.code.tex 2008/01/09 v3.0.0 (rcs-revision 1.1)


(/afs/cern.ch/sw/XML/TL2014/texmf-dist/tex/generic/pgf/libraries/shapes/pgflibr
aryshapes.multipart.code.tex
File: pgflibraryshapes.multipart.code.tex 2010/01/07 v3.0.0 (rcs-revision 1.2)
\pgfnodepartlowerbox=\box39
\pgfnodeparttwobox=\box40
\pgfnodepartthreebox=\box41
\pgfnodepartfourbox=\box42
\pgfnodeparttwentybox=\box43
\pgfnodepartnineteenbox=\box44
\pgfnodeparteighteenbox=\box45
\pgfnodepartseventeenbox=\box46
\pgfnodepartsixteenbox=\box47
\pgfnodepartfifteenbox=\box48
\pgfnodepartfourteenbox=\box49
\pgfnodepartthirteenbox=\box50
\pgfnodeparttwelvebox=\box51
\pgfnodepartelevenbox=\box52
\pgfnodeparttenbox=\box53
\pgfnodepartninebox=\box54
\pgfnodeparteightbox=\box55
\pgfnodepartsevenbox=\box56
\pgfnodepartsixbox=\box57
\pgfnodepartfivebox=\box58
)))
(/afs/cern.ch/sw/XML/TL2014/texmf-dist/tex/generic/pgf/frontendlayer/tikz/libra
ries/tikzlibrarydecorations.code.tex
(/afs/cern.ch/sw/XML/TL2014/texmf-dist/tex/generic/pgf/modules/pgfmoduledecorat
ions.code.tex
\pgfdecoratedcompleteddistance=\dimen159
\pgfdecoratedremainingdistance=\dimen160
\pgfdecoratedinputsegmentcompleteddistance=\dimen161
\pgfdecoratedinputsegmentremainingdistance=\dimen162
\pgf@decorate@distancetomove=\dimen163
\pgf@decorate@repeatstate=\count111
\pgfdecorationsegmentamplitude=\dimen164
\pgfdecorationsegmentlength=\dimen165
)
\tikz@lib@dec@box=\box59
) (/afs/cern.ch/sw/XML/TL2014/texmf-dist/tex/latex/base/bk12.clo
File: bk12.clo 2014/09/29 v1.4h Standard LaTeX file (size option)
)
\c@part=\count112
\c@chapter=\count113
\c@section=\count114
\c@subsection=\count115
\c@subsubsection=\count116
\c@paragraph=\count117
\c@subparagraph=\count118
\c@figure=\count119
\c@table=\count120
\abovecaptionskip=\skip44
\belowcaptionskip=\skip45
\bibindent=\dimen166
\absbox=\box60
\ackbox=\box61
\dedbox=\box62
) (/afs/cern.ch/sw/XML/TL2014/texmf-dist/tex/latex/microtype/microtype.sty
Package: microtype 2013/05/23 v2.5a Micro-typographical refinements (RS)
\MT@toks=\toks33
\MT@count=\count121
LaTeX Info: Redefining \textls on input line 766.
\MT@outer@kern=\dimen167
LaTeX Info: Redefining \textmicrotypecontext on input line 1285.
\MT@listname@count=\count122

(/afs/cern.ch/sw/XML/TL2014/texmf-dist/tex/latex/microtype/microtype-pdftex.def
File: microtype-pdftex.def 2013/05/23 v2.5a Definitions specific to pdftex (RS)

LaTeX Info: Redefining \lsstyle on input line 915.
LaTeX Info: Redefining \lslig on input line 915.
\MT@outer@space=\skip46
)
Package microtype Info: Loading configuration file microtype.cfg.
 (/afs/cern.ch/sw/XML/TL2014/texmf-dist/tex/latex/microtype/microtype.cfg
File: microtype.cfg 2013/05/23 v2.5a microtype main configuration file (RS)
))
\c@totalfigure=\count123
\c@totaltable=\count124
\c@totalbibitem=\count125

(/afs/cern.ch/sw/XML/TL2014/texmf-dist/tex/latex/geometry/geometry.sty
Package: geometry 2010/09/12 v5.6 Page Geometry

(/afs/cern.ch/sw/XML/TL2014/texmf-dist/tex/generic/oberdiek/ifpdf.sty
Package: ifpdf 2011/01/30 v2.3 Provides the ifpdf switch (HO)
Package ifpdf Info: pdfTeX in PDF mode is detected.
)
(/afs/cern.ch/sw/XML/TL2014/texmf-dist/tex/generic/oberdiek/ifvtex.sty
Package: ifvtex 2010/03/01 v1.5 Detect VTeX and its facilities (HO)
Package ifvtex Info: VTeX not detected.
)
(/afs/cern.ch/sw/XML/TL2014/texmf-dist/tex/generic/ifxetex/ifxetex.sty
Package: ifxetex 2010/09/12 v0.6 Provides ifxetex conditional
)
\Gm@cnth=\count126
\Gm@cntv=\count127
\c@Gm@tempcnt=\count128
\Gm@bindingoffset=\dimen168
\Gm@wd@mp=\dimen169
\Gm@odd@mp=\dimen170
\Gm@even@mp=\dimen171
\Gm@layoutwidth=\dimen172
\Gm@layoutheight=\dimen173
\Gm@layouthoffset=\dimen174
\Gm@layoutvoffset=\dimen175
\Gm@dimlist=\toks34
)
(./latex/atlasmisc.sty
\figwidth=\skip47
\dkwidth=\dimen176
) (./latex/atlasphysics.sty
Package: latex/atlasphysics 2016/10/10 v.02-00-01 ATLAS physics macros

(/afs/cern.ch/sw/XML/TL2014/texmf-dist/tex/latex/tools/xspace.sty
Package: xspace 2014/10/28 v1.13 Space after command names (DPC,MH)
)
(/afs/cern.ch/sw/XML/TL2014/texmf-dist/tex/latex/base/ifthen.sty
Package: ifthen 2014/09/29 v1.1c Standard LaTeX ifthen package (DPC)
)
(/afs/cern.ch/sw/XML/TL2014/texmf-dist/tex/latex/oberdiek/kvoptions.sty
Package: kvoptions 2011/06/30 v3.11 Key value format for package options (HO)

(/afs/cern.ch/sw/XML/TL2014/texmf-dist/tex/generic/oberdiek/kvsetkeys.sty
Package: kvsetkeys 2012/04/25 v1.16 Key value parser (HO)

(/afs/cern.ch/sw/XML/TL2014/texmf-dist/tex/generic/oberdiek/etexcmds.sty
Package: etexcmds 2011/02/16 v1.5 Avoid name clashes with e-TeX commands (HO)

(/afs/cern.ch/sw/XML/TL2014/texmf-dist/tex/generic/oberdiek/ifluatex.sty
Package: ifluatex 2010/03/01 v1.3 Provides the ifluatex switch (HO)
Package ifluatex Info: LuaTeX not detected.
)
Package etexcmds Info: Could not find \expanded.
(etexcmds)             That can mean that you are not using pdfTeX 1.50 or
(etexcmds)             that some package has redefined \expanded.
(etexcmds)             In the latter case, load this package earlier.
)))
atlasphysics: APHY@texlive is [2013]
(./latex/atlasjournal.sty) (./latex/atlasparticle.sty) (./latex/atlasunit.sty
atlasphysics: AUNIT@texlive is [2013]
*** atlasunit: siunitx is not loaded
*** atlasunit: atlaspackage TeX Live is not defined
*** atlasunit: defining TeVc, TeVcc as siunitx is not loaded
) (./latex/atlasxref.sty)) (./latex/myadditions.sty
(/afs/cern.ch/sw/XML/TL2014/texmf-dist/tex/latex/multirow/multirow.sty
\bigstrutjot=\dimen177
)
(/afs/cern.ch/sw/XML/TL2014/texmf-dist/tex/latex/bbold/bbold.sty
Package: bbold 1994/04/06 Bbold symbol package
LaTeX Font Info:    Redeclaring math alphabet \mathbb on input line 42.
))
(/afs/cern.ch/sw/XML/TL2014/texmf-dist/tex/latex/tensor/tensor.sty
Package: tensor 2004/12/20 v2.1 tensor indices package (PGR)
\tnsr@Sps=\toks35
\tnsr@Sbs=\toks36
\tnsr@Spe=\toks37
\tnsr@Sbe=\toks38
\ncld@Mno=\toks39
)
(./chap.fake.aux)
\openout1 = `chap.fake.aux'.

LaTeX Font Info:    Checking defaults for OML/cmm/m/it on input line 54.
LaTeX Font Info:    ... okay on input line 54.
LaTeX Font Info:    Checking defaults for T1/cmr/m/n on input line 54.
LaTeX Font Info:    ... okay on input line 54.
LaTeX Font Info:    Checking defaults for OT1/cmr/m/n on input line 54.
LaTeX Font Info:    ... okay on input line 54.
LaTeX Font Info:    Checking defaults for OMS/cmsy/m/n on input line 54.
LaTeX Font Info:    ... okay on input line 54.
LaTeX Font Info:    Checking defaults for OMX/cmex/m/n on input line 54.
LaTeX Font Info:    ... okay on input line 54.
LaTeX Font Info:    Checking defaults for U/cmr/m/n on input line 54.
LaTeX Font Info:    ... okay on input line 54.
 ABD: EveryShipout initializing macros
(/afs/cern.ch/sw/XML/TL2014/texmf-dist/tex/context/base/supp-pdf.mkii
[Loading MPS to PDF converter (version 2006.09.02).]
\scratchcounter=\count129
\scratchdimen=\dimen178
\scratchbox=\box63
\nofMPsegments=\count130
\nofMParguments=\count131
\everyMPshowfont=\toks40
\MPscratchCnt=\count132
\MPscratchDim=\dimen179
\MPnumerator=\count133
\makeMPintoPDFobject=\count134
\everyMPtoPDFconversion=\toks41
) (/afs/cern.ch/sw/XML/TL2014/texmf-dist/tex/generic/oberdiek/pdftexcmds.sty
Package: pdftexcmds 2011/11/29 v0.20 Utility functions of pdfTeX for LuaTeX (HO
)
Package pdftexcmds Info: LuaTeX not detected.
Package pdftexcmds Info: \pdf@primitive is available.
Package pdftexcmds Info: \pdf@ifprimitive is available.
Package pdftexcmds Info: \pdfdraftmode found.
)
(/afs/cern.ch/sw/XML/TL2014/texmf-dist/tex/latex/oberdiek/epstopdf-base.sty
Package: epstopdf-base 2010/02/09 v2.5 Base part for package epstopdf

(/afs/cern.ch/sw/XML/TL2014/texmf-dist/tex/latex/oberdiek/grfext.sty
Package: grfext 2010/08/19 v1.1 Manage graphics extensions (HO)

(/afs/cern.ch/sw/XML/TL2014/texmf-dist/tex/generic/oberdiek/kvdefinekeys.sty
Package: kvdefinekeys 2011/04/07 v1.3 Define keys (HO)
))
Package grfext Info: Graphics extension search list:
(grfext)             [.png,.pdf,.jpg,.mps,.jpeg,.jbig2,.jb2,.PNG,.PDF,.JPG,.JPE
G,.JBIG2,.JB2,.eps]
(grfext)             \AppendGraphicsExtensions on input line 452.

(/afs/cern.ch/sw/XML/TL2014/texmf-dist/tex/latex/latexconfig/epstopdf-sys.cfg
File: epstopdf-sys.cfg 2010/07/13 v1.3 Configuration of (r)epstopdf for TeX Liv
e
))
LaTeX Info: Redefining \microtypecontext on input line 54.
Package microtype Info: Generating PDF output.
Package microtype Info: Character protrusion enabled (level 2).
Package microtype Info: Using default protrusion set `alltext'.
Package microtype Info: Automatic font expansion enabled (level 2),
(microtype)             stretch: 20, shrink: 20, step: 1, non-selected.
Package microtype Info: Using default expansion set `basictext'.
Package microtype Info: No adjustment of tracking.
Package microtype Info: No adjustment of interword spacing.
Package microtype Info: No adjustment of character kerning.
(/afs/cern.ch/sw/XML/TL2014/texmf-dist/tex/latex/microtype/mt-cmr.cfg
File: mt-cmr.cfg 2013/05/19 v2.2 microtype config. file: Computer Modern Roman 
(RS)
)
*geometry* driver: auto-detecting
*geometry* detected driver: pdftex
*geometry* verbose mode - [ preamble ] result:
* driver: pdftex
* paper: <default>
* layout: <same size as paper>
* layoutoffset:(h,v)=(0.0pt,0.0pt)
* modes: 
* h-part:(L,W,R)=(115.63243pt, 411.9388pt, 86.72377pt)
* v-part:(T,H,B)=(72.26999pt, 650.43001pt, 72.26999pt)
* \paperwidth=614.295pt
* \paperheight=794.96999pt
* \textwidth=411.9388pt
* \textheight=650.43001pt
* \oddsidemargin=43.36244pt
* \evensidemargin=43.36244pt
* \topmargin=0.0pt
* \headheight=0.0pt
* \headsep=0.0pt
* \topskip=0.0pt
* \footskip=36.135pt
* \marginparwidth=47.0pt
* \marginparsep=7.0pt
* \columnsep=10.0pt
* \skip\footins=10.8pt plus 4.0pt minus 2.0pt
* \hoffset=0.0pt
* \voffset=0.0pt
* \mag=1000
* \@twocolumnfalse
* \@twosidefalse
* \@mparswitchfalse
* \@reversemarginfalse
* (1in=72.27pt=25.4mm, 1cm=28.453pt)

Chapter 5.
(./texfiles/chap.fake.tex
LaTeX Font Info:    Try loading font information for U+msa on input line 3.

(/afs/cern.ch/sw/XML/TL2014/texmf-dist/tex/latex/amsfonts/umsa.fd
File: umsa.fd 2013/01/14 v3.01 AMS symbols A
)
(/afs/cern.ch/sw/XML/TL2014/texmf-dist/tex/latex/microtype/mt-msa.cfg
File: mt-msa.cfg 2006/02/04 v1.1 microtype config. file: AMS symbols (a) (RS)
)
LaTeX Font Info:    Try loading font information for U+msb on input line 3.

(/afs/cern.ch/sw/XML/TL2014/texmf-dist/tex/latex/amsfonts/umsb.fd
File: umsb.fd 2013/01/14 v3.01 AMS symbols B
)
(/afs/cern.ch/sw/XML/TL2014/texmf-dist/tex/latex/microtype/mt-msb.cfg
File: mt-msb.cfg 2005/06/01 v1.0 microtype config. file: AMS symbols (b) (RS)
) [1


{/afs/cern.ch/sw/XML/TL2014/texmf-var/fonts/map/pdftex/updmap/pdftex.map}] [2]
[3] [4] <figures/mct/MC-tmpl.png, id=23, 785.93625pt x 345.08925pt>
File: figures/mct/MC-tmpl.png Graphic file (type png)

<use figures/mct/MC-tmpl.png>
Package pdftex.def Info: figures/mct/MC-tmpl.png used on input line 112.
(pdftex.def)             Requested size: 288.3559pt x 126.61209pt.
 [5] [6 <./figures/mct/MC-tmpl.png>] [7]
<figures/mct/Prefit/el2_pt_ee_CR0b_SS3L.pdf, id=36, 569.12625pt x 713.66624pt>
File: figures/mct/Prefit/el2_pt_ee_CR0b_SS3L.pdf Graphic file (type pdf)

<use figures/mct/Prefit/el2_pt_ee_CR0b_SS3L.pdf>
Package pdftex.def Info: figures/mct/Prefit/el2_pt_ee_CR0b_SS3L.pdf used on inp
ut line 165.
(pdftex.def)             Requested size: 131.82343pt x 165.30496pt.

<figures/mct/Prefit/NJETS_em_CR0b_SS3L.pdf, id=37, 569.12625pt x 713.66624pt>
File: figures/mct/Prefit/NJETS_em_CR0b_SS3L.pdf Graphic file (type pdf)

<use figures/mct/Prefit/NJETS_em_CR0b_SS3L.pdf>
Package pdftex.def Info: figures/mct/Prefit/NJETS_em_CR0b_SS3L.pdf used on inpu
t line 166.
(pdftex.def)             Requested size: 131.82343pt x 165.30496pt.

<figures/mct/Prefit/mu2_pt_mm_CR0b_SS3L.pdf, id=38, 569.12625pt x 713.66624pt>
File: figures/mct/Prefit/mu2_pt_mm_CR0b_SS3L.pdf Graphic file (type pdf)

<use figures/mct/Prefit/mu2_pt_mm_CR0b_SS3L.pdf>
Package pdftex.def Info: figures/mct/Prefit/mu2_pt_mm_CR0b_SS3L.pdf used on inp
ut line 167.
(pdftex.def)             Requested size: 131.82343pt x 165.30496pt.

<figures/mct/Postfit/el2_pt_ee_CR0b_SS3L.pdf, id=39, 569.12625pt x 713.66624pt>
File: figures/mct/Postfit/el2_pt_ee_CR0b_SS3L.pdf Graphic file (type pdf)
<use figures/mct/Postfit/el2_pt_ee_CR0b_SS3L.pdf>
Package pdftex.def Info: figures/mct/Postfit/el2_pt_ee_CR0b_SS3L.pdf used on in
put line 176.
(pdftex.def)             Requested size: 131.82343pt x 165.30496pt.

<figures/mct/Postfit/NJETS_em_CR0b_SS3L.pdf, id=40, 569.12625pt x 713.66624pt>
File: figures/mct/Postfit/NJETS_em_CR0b_SS3L.pdf Graphic file (type pdf)

<use figures/mct/Postfit/NJETS_em_CR0b_SS3L.pdf>
Package pdftex.def Info: figures/mct/Postfit/NJETS_em_CR0b_SS3L.pdf used on inp
ut line 177.
(pdftex.def)             Requested size: 131.82343pt x 165.30496pt.

<figures/mct/Postfit/mu2_pt_mm_CR0b_SS3L.pdf, id=41, 569.12625pt x 713.66624pt>
File: figures/mct/Postfit/mu2_pt_mm_CR0b_SS3L.pdf Graphic file (type pdf)
<use figures/mct/Postfit/mu2_pt_mm_CR0b_SS3L.pdf>
Package pdftex.def Info: figures/mct/Postfit/mu2_pt_mm_CR0b_SS3L.pdf used on in
put line 178.
(pdftex.def)             Requested size: 131.82343pt x 165.30496pt.

<figures/mct/Prefit/el2_pt_ee_CR1b_SS3L.pdf, id=42, 569.12625pt x 713.66624pt>
File: figures/mct/Prefit/el2_pt_ee_CR1b_SS3L.pdf Graphic file (type pdf)

<use figures/mct/Prefit/el2_pt_ee_CR1b_SS3L.pdf>
Package pdftex.def Info: figures/mct/Prefit/el2_pt_ee_CR1b_SS3L.pdf used on inp
ut line 187.
(pdftex.def)             Requested size: 131.82343pt x 165.30496pt.

<figures/mct/Prefit/NJETS_em_CR1b_SS3L.pdf, id=43, 569.12625pt x 713.66624pt>
File: figures/mct/Prefit/NJETS_em_CR1b_SS3L.pdf Graphic file (type pdf)

<use figures/mct/Prefit/NJETS_em_CR1b_SS3L.pdf>
Package pdftex.def Info: figures/mct/Prefit/NJETS_em_CR1b_SS3L.pdf used on inpu
t line 188.
(pdftex.def)             Requested size: 131.82343pt x 165.30496pt.

<figures/mct/Prefit/mu2_pt_mm_CR1b_SS3L.pdf, id=44, 569.12625pt x 713.66624pt>
File: figures/mct/Prefit/mu2_pt_mm_CR1b_SS3L.pdf Graphic file (type pdf)

<use figures/mct/Prefit/mu2_pt_mm_CR1b_SS3L.pdf>
Package pdftex.def Info: figures/mct/Prefit/mu2_pt_mm_CR1b_SS3L.pdf used on inp
ut line 189.
(pdftex.def)             Requested size: 131.82343pt x 165.30496pt.

<figures/mct/Postfit/el2_pt_ee_CR1b_SS3L.pdf, id=45, 569.12625pt x 713.66624pt>
File: figures/mct/Postfit/el2_pt_ee_CR1b_SS3L.pdf Graphic file (type pdf)
<use figures/mct/Postfit/el2_pt_ee_CR1b_SS3L.pdf>
Package pdftex.def Info: figures/mct/Postfit/el2_pt_ee_CR1b_SS3L.pdf used on in
put line 198.
(pdftex.def)             Requested size: 131.82343pt x 165.30496pt.

<figures/mct/Postfit/NJETS_em_CR1b_SS3L.pdf, id=46, 569.12625pt x 713.66624pt>
File: figures/mct/Postfit/NJETS_em_CR1b_SS3L.pdf Graphic file (type pdf)

<use figures/mct/Postfit/NJETS_em_CR1b_SS3L.pdf>
Package pdftex.def Info: figures/mct/Postfit/NJETS_em_CR1b_SS3L.pdf used on inp
ut line 199.
(pdftex.def)             Requested size: 131.82343pt x 165.30496pt.

<figures/mct/Postfit/mu2_pt_mm_CR1b_SS3L.pdf, id=47, 569.12625pt x 713.66624pt>
File: figures/mct/Postfit/mu2_pt_mm_CR1b_SS3L.pdf Graphic file (type pdf)
<use figures/mct/Postfit/mu2_pt_mm_CR1b_SS3L.pdf>
Package pdftex.def Info: figures/mct/Postfit/mu2_pt_mm_CR1b_SS3L.pdf used on in
put line 200.
(pdftex.def)             Requested size: 131.82343pt x 165.30496pt.
 [8] [9 <./figures/mct/Prefit/el2_pt_ee_CR0b_SS3L.pdf> <./figures/mct/Prefit/NJ
ETS_em_CR0b_SS3L.pdf> <./figures/mct/Prefit/mu2_pt_mm_CR0b_SS3L.pdf>]

LaTeX Warning: Text page 10 contains only floats.

[10 <./figures/mct/Postfit/el2_pt_ee_CR0b_SS3L.pdf> <./figures/mct/Postfit/NJET
S_em_CR0b_SS3L.pdf> <./figures/mct/Postfit/mu2_pt_mm_CR0b_SS3L.pdf>]

LaTeX Warning: Text page 11 contains only floats.

[11 <./figures/mct/Prefit/el2_pt_ee_CR1b_SS3L.pdf> <./figures/mct/Prefit/NJETS_
em_CR1b_SS3L.pdf> <./figures/mct/Prefit/mu2_pt_mm_CR1b_SS3L.pdf>] [12 <./figure
s/mct/Postfit/el2_pt_ee_CR1b_SS3L.pdf> <./figures/mct/Postfit/NJETS_em_CR1b_SS3
L.pdf> <./figures/mct/Postfit/mu2_pt_mm_CR1b_SS3L.pdf>] [13]
LaTeX Font Info:    Try loading font information for U+bbold on input line 330.


(/afs/cern.ch/sw/XML/TL2014/texmf-dist/tex/latex/bbold/Ubbold.fd) [14] [15]
[16] [17]) [18] (./chap.fake.aux) ) 
Here is how much of TeX's memory you used:
 17218 strings out of 493109
 353112 string characters out of 6133666
 454308 words of memory out of 5000000
 20204 multiletter control sequences out of 15000+600000
 16734 words of font info for 108 fonts, out of 8000000 for 9000
 1141 hyphenation exceptions out of 8191
 62i,16n,69p,1051b,295s stack positions out of 5000i,500n,10000p,200000b,80000s
</afs/cern.ch/sw/XML/TL2014/texmf-dist/fonts
/type1/public/bbold-type1/bbold10.pfb></afs/cern.ch/sw/XML/TL2014/texmf-dist/fo
nts/type1/public/amsfonts/cm/cmbx12.pfb></afs/cern.ch/sw/XML/TL2014/texmf-dist/
fonts/type1/public/amsfonts/cm/cmcsc10.pfb></afs/cern.ch/sw/XML/TL2014/texmf-di
st/fonts/type1/public/amsfonts/cm/cmex10.pfb></afs/cern.ch/sw/XML/TL2014/texmf-
dist/fonts/type1/public/amsfonts/cm/cmmi10.pfb></afs/cern.ch/sw/XML/TL2014/texm
f-dist/fonts/type1/public/amsfonts/cm/cmmi12.pfb></afs/cern.ch/sw/XML/TL2014/te
xmf-dist/fonts/type1/public/amsfonts/cm/cmmi6.pfb></afs/cern.ch/sw/XML/TL2014/t
exmf-dist/fonts/type1/public/amsfonts/cm/cmmi8.pfb></afs/cern.ch/sw/XML/TL2014/
texmf-dist/fonts/type1/public/amsfonts/cm/cmr10.pfb></afs/cern.ch/sw/XML/TL2014
/texmf-dist/fonts/type1/public/amsfonts/cm/cmr12.pfb></afs/cern.ch/sw/XML/TL201
4/texmf-dist/fonts/type1/public/amsfonts/cm/cmr6.pfb></afs/cern.ch/sw/XML/TL201
4/texmf-dist/fonts/type1/public/amsfonts/cm/cmr7.pfb></afs/cern.ch/sw/XML/TL201
4/texmf-dist/fonts/type1/public/amsfonts/cm/cmr8.pfb></afs/cern.ch/sw/XML/TL201
4/texmf-dist/fonts/type1/public/amsfonts/cm/cmsy10.pfb></afs/cern.ch/sw/XML/TL2
014/texmf-dist/fonts/type1/public/amsfonts/cm/cmsy8.pfb>
Output written on chap.fake.pdf (18 pages, 452400 bytes).
PDF statistics:
 657 PDF objects out of 1000 (max. 8388607)
 305 compressed objects within 4 object streams
 0 named destinations out of 1000 (max. 500000)
 13902 words of extra memory for PDF output out of 14400 (max. 10000000)

