This is pdfTeX, Version 3.14159265-2.6-1.40.17 (TeX Live 2016) (preloaded format=pdflatex 2016.5.22)  16 MAY 2017 16:47
entering extended mode
 restricted \write18 enabled.
 %&-line parsing enabled.
**thesis.tex
(./thesis.tex
LaTeX2e <2016/03/31>
Babel <3.9r> and hyphenation patterns for 83 language(s) loaded.
(./outhesis.cls
Document Class: outhesis 2010/08/23 v1.0 Standard LaTeX document class
(/usr/local/texlive/2016/texmf-dist/tex/latex/amsfonts/amsfonts.sty
Package: amsfonts 2013/01/14 v3.01 Basic AMSFonts support
\@emptytoks=\toks14
\symAMSa=\mathgroup4
\symAMSb=\mathgroup5
LaTeX Font Info:    Overwriting math alphabet `\mathfrak' in version `bold'
(Font)                  U/euf/m/n --> U/euf/b/n on input line 106.
)
(/usr/local/texlive/2016/texmf-dist/tex/latex/amsmath/amsmath.sty
Package: amsmath 2016/03/10 v2.15b AMS math features
\@mathmargin=\skip41

For additional information on amsmath, use the `?' option.
(/usr/local/texlive/2016/texmf-dist/tex/latex/amsmath/amstext.sty
Package: amstext 2000/06/29 v2.01 AMS text

(/usr/local/texlive/2016/texmf-dist/tex/latex/amsmath/amsgen.sty
File: amsgen.sty 1999/11/30 v2.0 generic functions
\@emptytoks=\toks15
\ex@=\dimen102
))
(/usr/local/texlive/2016/texmf-dist/tex/latex/amsmath/amsbsy.sty
Package: amsbsy 1999/11/29 v1.2d Bold Symbols
\pmbraise@=\dimen103
)
(/usr/local/texlive/2016/texmf-dist/tex/latex/amsmath/amsopn.sty
Package: amsopn 2016/03/08 v2.02 operator names
)
\inf@bad=\count79
LaTeX Info: Redefining \frac on input line 199.
\uproot@=\count80
\leftroot@=\count81
LaTeX Info: Redefining \overline on input line 297.
\classnum@=\count82
\DOTSCASE@=\count83
LaTeX Info: Redefining \ldots on input line 394.
LaTeX Info: Redefining \dots on input line 397.
LaTeX Info: Redefining \cdots on input line 518.
\Mathstrutbox@=\box26
\strutbox@=\box27
\big@size=\dimen104
LaTeX Font Info:    Redeclaring font encoding OML on input line 634.
LaTeX Font Info:    Redeclaring font encoding OMS on input line 635.
\macc@depth=\count84
\c@MaxMatrixCols=\count85
\dotsspace@=\muskip10
\c@parentequation=\count86
\dspbrk@lvl=\count87
\tag@help=\toks16
\row@=\count88
\column@=\count89
\maxfields@=\count90
\andhelp@=\toks17
\eqnshift@=\dimen105
\alignsep@=\dimen106
\tagshift@=\dimen107
\tagwidth@=\dimen108
\totwidth@=\dimen109
\lineht@=\dimen110
\@envbody=\toks18
\multlinegap=\skip42
\multlinetaggap=\skip43
\mathdisplay@stack=\toks19
LaTeX Info: Redefining \[ on input line 2739.
LaTeX Info: Redefining \] on input line 2740.
)
(/usr/local/texlive/2016/texmf-dist/tex/latex/amsfonts/amssymb.sty
Package: amssymb 2013/01/14 v3.01 AMS font symbols
)
(/usr/local/texlive/2016/texmf-dist/tex/latex/pgf/frontendlayer/tikz.sty
(/usr/local/texlive/2016/texmf-dist/tex/latex/pgf/basiclayer/pgf.sty
(/usr/local/texlive/2016/texmf-dist/tex/latex/pgf/utilities/pgfrcs.sty
(/usr/local/texlive/2016/texmf-dist/tex/generic/pgf/utilities/pgfutil-common.te
x
\pgfutil@everybye=\toks20
\pgfutil@tempdima=\dimen111
\pgfutil@tempdimb=\dimen112

(/usr/local/texlive/2016/texmf-dist/tex/generic/pgf/utilities/pgfutil-common-li
sts.tex))
(/usr/local/texlive/2016/texmf-dist/tex/generic/pgf/utilities/pgfutil-latex.def
\pgfutil@abb=\box28
(/usr/local/texlive/2016/texmf-dist/tex/latex/ms/everyshi.sty
Package: everyshi 2001/05/15 v3.00 EveryShipout Package (MS)
))
(/usr/local/texlive/2016/texmf-dist/tex/generic/pgf/utilities/pgfrcs.code.tex
Package: pgfrcs 2015/08/07 v3.0.1a (rcs-revision 1.31)
))
Package: pgf 2015/08/07 v3.0.1a (rcs-revision 1.15)
(/usr/local/texlive/2016/texmf-dist/tex/latex/pgf/basiclayer/pgfcore.sty
(/usr/local/texlive/2016/texmf-dist/tex/latex/graphics/graphicx.sty
Package: graphicx 2014/10/28 v1.0g Enhanced LaTeX Graphics (DPC,SPQR)

(/usr/local/texlive/2016/texmf-dist/tex/latex/graphics/keyval.sty
Package: keyval 2014/10/28 v1.15 key=value parser (DPC)
\KV@toks@=\toks21
)
(/usr/local/texlive/2016/texmf-dist/tex/latex/graphics/graphics.sty
Package: graphics 2016/05/09 v1.0r Standard LaTeX Graphics (DPC,SPQR)

(/usr/local/texlive/2016/texmf-dist/tex/latex/graphics/trig.sty
Package: trig 2016/01/03 v1.10 sin cos tan (DPC)
)
(/usr/local/texlive/2016/texmf-dist/tex/latex/graphics-cfg/graphics.cfg
File: graphics.cfg 2016/01/02 v1.10 sample graphics configuration
)
Package graphics Info: Driver file: pdftex.def on input line 96.

(/usr/local/texlive/2016/texmf-dist/tex/latex/pdftex-def/pdftex.def
File: pdftex.def 2011/05/27 v0.06d Graphics/color for pdfTeX

(/usr/local/texlive/2016/texmf-dist/tex/generic/oberdiek/infwarerr.sty
Package: infwarerr 2016/05/16 v1.4 Providing info/warning/error messages (HO)
)
(/usr/local/texlive/2016/texmf-dist/tex/generic/oberdiek/ltxcmds.sty
Package: ltxcmds 2016/05/16 v1.23 LaTeX kernel commands for general use (HO)
)
\Gread@gobject=\count91
))
\Gin@req@height=\dimen113
\Gin@req@width=\dimen114
)
(/usr/local/texlive/2016/texmf-dist/tex/latex/pgf/systemlayer/pgfsys.sty
(/usr/local/texlive/2016/texmf-dist/tex/generic/pgf/systemlayer/pgfsys.code.tex
Package: pgfsys 2014/07/09 v3.0.1a (rcs-revision 1.48)
(/usr/local/texlive/2016/texmf-dist/tex/generic/pgf/utilities/pgfkeys.code.tex
\pgfkeys@pathtoks=\toks22
\pgfkeys@temptoks=\toks23

(/usr/local/texlive/2016/texmf-dist/tex/generic/pgf/utilities/pgfkeysfiltered.c
ode.tex
\pgfkeys@tmptoks=\toks24
))
\pgf@x=\dimen115
\pgf@y=\dimen116
\pgf@xa=\dimen117
\pgf@ya=\dimen118
\pgf@xb=\dimen119
\pgf@yb=\dimen120
\pgf@xc=\dimen121
\pgf@yc=\dimen122
\w@pgf@writea=\write3
\r@pgf@reada=\read1
\c@pgf@counta=\count92
\c@pgf@countb=\count93
\c@pgf@countc=\count94
\c@pgf@countd=\count95
\t@pgf@toka=\toks25
\t@pgf@tokb=\toks26
\t@pgf@tokc=\toks27

(/usr/local/texlive/2016/texmf-dist/tex/generic/pgf/systemlayer/pgf.cfg
File: pgf.cfg 2008/05/14  (rcs-revision 1.7)
)
Driver file for pgf: pgfsys-pdftex.def

(/usr/local/texlive/2016/texmf-dist/tex/generic/pgf/systemlayer/pgfsys-pdftex.d
ef
File: pgfsys-pdftex.def 2014/10/11  (rcs-revision 1.35)

(/usr/local/texlive/2016/texmf-dist/tex/generic/pgf/systemlayer/pgfsys-common-p
df.def
File: pgfsys-common-pdf.def 2013/10/10  (rcs-revision 1.13)
)))
(/usr/local/texlive/2016/texmf-dist/tex/generic/pgf/systemlayer/pgfsyssoftpath.
code.tex
File: pgfsyssoftpath.code.tex 2013/09/09  (rcs-revision 1.9)
\pgfsyssoftpath@smallbuffer@items=\count96
\pgfsyssoftpath@bigbuffer@items=\count97
)
(/usr/local/texlive/2016/texmf-dist/tex/generic/pgf/systemlayer/pgfsysprotocol.
code.tex
File: pgfsysprotocol.code.tex 2006/10/16  (rcs-revision 1.4)
)) (/usr/local/texlive/2016/texmf-dist/tex/latex/xcolor/xcolor.sty
Package: xcolor 2016/05/11 v2.12 LaTeX color extensions (UK)

(/usr/local/texlive/2016/texmf-dist/tex/latex/graphics-cfg/color.cfg
File: color.cfg 2016/01/02 v1.6 sample color configuration
)
Package xcolor Info: Driver file: pdftex.def on input line 225.
Package xcolor Info: Model `cmy' substituted by `cmy0' on input line 1348.
Package xcolor Info: Model `hsb' substituted by `rgb' on input line 1352.
Package xcolor Info: Model `RGB' extended on input line 1364.
Package xcolor Info: Model `HTML' substituted by `rgb' on input line 1366.
Package xcolor Info: Model `Hsb' substituted by `hsb' on input line 1367.
Package xcolor Info: Model `tHsb' substituted by `hsb' on input line 1368.
Package xcolor Info: Model `HSB' substituted by `hsb' on input line 1369.
Package xcolor Info: Model `Gray' substituted by `gray' on input line 1370.
Package xcolor Info: Model `wave' substituted by `hsb' on input line 1371.
)
(/usr/local/texlive/2016/texmf-dist/tex/generic/pgf/basiclayer/pgfcore.code.tex
Package: pgfcore 2010/04/11 v3.0.1a (rcs-revision 1.7)
(/usr/local/texlive/2016/texmf-dist/tex/generic/pgf/math/pgfmath.code.tex
(/usr/local/texlive/2016/texmf-dist/tex/generic/pgf/math/pgfmathcalc.code.tex
(/usr/local/texlive/2016/texmf-dist/tex/generic/pgf/math/pgfmathutil.code.tex)
(/usr/local/texlive/2016/texmf-dist/tex/generic/pgf/math/pgfmathparser.code.tex
\pgfmath@dimen=\dimen123
\pgfmath@count=\count98
\pgfmath@box=\box29
\pgfmath@toks=\toks28
\pgfmath@stack@operand=\toks29
\pgfmath@stack@operation=\toks30
)
(/usr/local/texlive/2016/texmf-dist/tex/generic/pgf/math/pgfmathfunctions.code.
tex
(/usr/local/texlive/2016/texmf-dist/tex/generic/pgf/math/pgfmathfunctions.basic
.code.tex)
(/usr/local/texlive/2016/texmf-dist/tex/generic/pgf/math/pgfmathfunctions.trigo
nometric.code.tex)
(/usr/local/texlive/2016/texmf-dist/tex/generic/pgf/math/pgfmathfunctions.rando
m.code.tex)
(/usr/local/texlive/2016/texmf-dist/tex/generic/pgf/math/pgfmathfunctions.compa
rison.code.tex)
(/usr/local/texlive/2016/texmf-dist/tex/generic/pgf/math/pgfmathfunctions.base.
code.tex)
(/usr/local/texlive/2016/texmf-dist/tex/generic/pgf/math/pgfmathfunctions.round
.code.tex)
(/usr/local/texlive/2016/texmf-dist/tex/generic/pgf/math/pgfmathfunctions.misc.
code.tex)
(/usr/local/texlive/2016/texmf-dist/tex/generic/pgf/math/pgfmathfunctions.integ
erarithmetics.code.tex)))
(/usr/local/texlive/2016/texmf-dist/tex/generic/pgf/math/pgfmathfloat.code.tex
\c@pgfmathroundto@lastzeros=\count99
))
(/usr/local/texlive/2016/texmf-dist/tex/generic/pgf/basiclayer/pgfcorepoints.co
de.tex
File: pgfcorepoints.code.tex 2013/10/07  (rcs-revision 1.27)
\pgf@picminx=\dimen124
\pgf@picmaxx=\dimen125
\pgf@picminy=\dimen126
\pgf@picmaxy=\dimen127
\pgf@pathminx=\dimen128
\pgf@pathmaxx=\dimen129
\pgf@pathminy=\dimen130
\pgf@pathmaxy=\dimen131
\pgf@xx=\dimen132
\pgf@xy=\dimen133
\pgf@yx=\dimen134
\pgf@yy=\dimen135
\pgf@zx=\dimen136
\pgf@zy=\dimen137
)
(/usr/local/texlive/2016/texmf-dist/tex/generic/pgf/basiclayer/pgfcorepathconst
ruct.code.tex
File: pgfcorepathconstruct.code.tex 2013/10/07  (rcs-revision 1.29)
\pgf@path@lastx=\dimen138
\pgf@path@lasty=\dimen139
)
(/usr/local/texlive/2016/texmf-dist/tex/generic/pgf/basiclayer/pgfcorepathusage
.code.tex
File: pgfcorepathusage.code.tex 2014/11/02  (rcs-revision 1.24)
\pgf@shorten@end@additional=\dimen140
\pgf@shorten@start@additional=\dimen141
)
(/usr/local/texlive/2016/texmf-dist/tex/generic/pgf/basiclayer/pgfcorescopes.co
de.tex
File: pgfcorescopes.code.tex 2015/05/08  (rcs-revision 1.46)
\pgfpic=\box30
\pgf@hbox=\box31
\pgf@layerbox@main=\box32
\pgf@picture@serial@count=\count100
)
(/usr/local/texlive/2016/texmf-dist/tex/generic/pgf/basiclayer/pgfcoregraphicst
ate.code.tex
File: pgfcoregraphicstate.code.tex 2014/11/02  (rcs-revision 1.12)
\pgflinewidth=\dimen142
)
(/usr/local/texlive/2016/texmf-dist/tex/generic/pgf/basiclayer/pgfcoretransform
ations.code.tex
File: pgfcoretransformations.code.tex 2015/08/07  (rcs-revision 1.20)
\pgf@pt@x=\dimen143
\pgf@pt@y=\dimen144
\pgf@pt@temp=\dimen145
)
(/usr/local/texlive/2016/texmf-dist/tex/generic/pgf/basiclayer/pgfcorequick.cod
e.tex
File: pgfcorequick.code.tex 2008/10/09  (rcs-revision 1.3)
)
(/usr/local/texlive/2016/texmf-dist/tex/generic/pgf/basiclayer/pgfcoreobjects.c
ode.tex
File: pgfcoreobjects.code.tex 2006/10/11  (rcs-revision 1.2)
)
(/usr/local/texlive/2016/texmf-dist/tex/generic/pgf/basiclayer/pgfcorepathproce
ssing.code.tex
File: pgfcorepathprocessing.code.tex 2013/09/09  (rcs-revision 1.9)
)
(/usr/local/texlive/2016/texmf-dist/tex/generic/pgf/basiclayer/pgfcorearrows.co
de.tex
File: pgfcorearrows.code.tex 2015/05/14  (rcs-revision 1.43)
\pgfarrowsep=\dimen146
)
(/usr/local/texlive/2016/texmf-dist/tex/generic/pgf/basiclayer/pgfcoreshade.cod
e.tex
File: pgfcoreshade.code.tex 2013/07/15  (rcs-revision 1.15)
\pgf@max=\dimen147
\pgf@sys@shading@range@num=\count101
)
(/usr/local/texlive/2016/texmf-dist/tex/generic/pgf/basiclayer/pgfcoreimage.cod
e.tex
File: pgfcoreimage.code.tex 2013/07/15  (rcs-revision 1.18)

(/usr/local/texlive/2016/texmf-dist/tex/generic/pgf/basiclayer/pgfcoreexternal.
code.tex
File: pgfcoreexternal.code.tex 2014/07/09  (rcs-revision 1.21)
\pgfexternal@startupbox=\box33
))
(/usr/local/texlive/2016/texmf-dist/tex/generic/pgf/basiclayer/pgfcorelayers.co
de.tex
File: pgfcorelayers.code.tex 2013/07/18  (rcs-revision 1.7)
)
(/usr/local/texlive/2016/texmf-dist/tex/generic/pgf/basiclayer/pgfcoretranspare
ncy.code.tex
File: pgfcoretransparency.code.tex 2013/09/30  (rcs-revision 1.5)
)
(/usr/local/texlive/2016/texmf-dist/tex/generic/pgf/basiclayer/pgfcorepatterns.
code.tex
File: pgfcorepatterns.code.tex 2013/11/07  (rcs-revision 1.5)
)))
(/usr/local/texlive/2016/texmf-dist/tex/generic/pgf/modules/pgfmoduleshapes.cod
e.tex
File: pgfmoduleshapes.code.tex 2014/03/21  (rcs-revision 1.35)
\pgfnodeparttextbox=\box34
)
(/usr/local/texlive/2016/texmf-dist/tex/generic/pgf/modules/pgfmoduleplot.code.
tex
File: pgfmoduleplot.code.tex 2015/08/03  (rcs-revision 1.13)
)
(/usr/local/texlive/2016/texmf-dist/tex/latex/pgf/compatibility/pgfcomp-version
-0-65.sty
Package: pgfcomp-version-0-65 2007/07/03 v3.0.1a (rcs-revision 1.7)
\pgf@nodesepstart=\dimen148
\pgf@nodesepend=\dimen149
)
(/usr/local/texlive/2016/texmf-dist/tex/latex/pgf/compatibility/pgfcomp-version
-1-18.sty
Package: pgfcomp-version-1-18 2007/07/23 v3.0.1a (rcs-revision 1.1)
))
(/usr/local/texlive/2016/texmf-dist/tex/latex/pgf/utilities/pgffor.sty
(/usr/local/texlive/2016/texmf-dist/tex/latex/pgf/utilities/pgfkeys.sty
(/usr/local/texlive/2016/texmf-dist/tex/generic/pgf/utilities/pgfkeys.code.tex)
) (/usr/local/texlive/2016/texmf-dist/tex/latex/pgf/math/pgfmath.sty
(/usr/local/texlive/2016/texmf-dist/tex/generic/pgf/math/pgfmath.code.tex))
(/usr/local/texlive/2016/texmf-dist/tex/generic/pgf/utilities/pgffor.code.tex
Package: pgffor 2013/12/13 v3.0.1a (rcs-revision 1.25)

(/usr/local/texlive/2016/texmf-dist/tex/generic/pgf/math/pgfmath.code.tex)
\pgffor@iter=\dimen150
\pgffor@skip=\dimen151
\pgffor@stack=\toks31
\pgffor@toks=\toks32
))
(/usr/local/texlive/2016/texmf-dist/tex/generic/pgf/frontendlayer/tikz/tikz.cod
e.tex
Package: tikz 2015/08/07 v3.0.1a (rcs-revision 1.151)

(/usr/local/texlive/2016/texmf-dist/tex/generic/pgf/libraries/pgflibraryplothan
dlers.code.tex
File: pgflibraryplothandlers.code.tex 2013/08/31 v3.0.1a (rcs-revision 1.20)
\pgf@plot@mark@count=\count102
\pgfplotmarksize=\dimen152
)
\tikz@lastx=\dimen153
\tikz@lasty=\dimen154
\tikz@lastxsaved=\dimen155
\tikz@lastysaved=\dimen156
\tikzleveldistance=\dimen157
\tikzsiblingdistance=\dimen158
\tikz@figbox=\box35
\tikz@figbox@bg=\box36
\tikz@tempbox=\box37
\tikz@tempbox@bg=\box38
\tikztreelevel=\count103
\tikznumberofchildren=\count104
\tikznumberofcurrentchild=\count105
\tikz@fig@count=\count106

(/usr/local/texlive/2016/texmf-dist/tex/generic/pgf/modules/pgfmodulematrix.cod
e.tex
File: pgfmodulematrix.code.tex 2013/09/17  (rcs-revision 1.8)
\pgfmatrixcurrentrow=\count107
\pgfmatrixcurrentcolumn=\count108
\pgf@matrix@numberofcolumns=\count109
)
\tikz@expandcount=\count110

(/usr/local/texlive/2016/texmf-dist/tex/generic/pgf/frontendlayer/tikz/librarie
s/tikzlibrarytopaths.code.tex
File: tikzlibrarytopaths.code.tex 2008/06/17 v3.0.1a (rcs-revision 1.2)
)))
(/usr/local/texlive/2016/texmf-dist/tex/generic/pgf/frontendlayer/tikz/librarie
s/tikzlibraryshapes.code.tex
File: tikzlibraryshapes.code.tex 2008/01/09 v3.0.1a (rcs-revision 1.1)

(/usr/local/texlive/2016/texmf-dist/tex/generic/pgf/frontendlayer/tikz/librarie
s/tikzlibraryshapes.geometric.code.tex
File: tikzlibraryshapes.geometric.code.tex 2008/01/09 v3.0.1a (rcs-revision 1.1
)

(/usr/local/texlive/2016/texmf-dist/tex/generic/pgf/libraries/shapes/pgflibrary
shapes.geometric.code.tex
File: pgflibraryshapes.geometric.code.tex 2008/06/26 v3.0.1a (rcs-revision 1.1)

))
(/usr/local/texlive/2016/texmf-dist/tex/generic/pgf/frontendlayer/tikz/librarie
s/tikzlibraryshapes.misc.code.tex
File: tikzlibraryshapes.misc.code.tex 2008/01/09 v3.0.1a (rcs-revision 1.1)

(/usr/local/texlive/2016/texmf-dist/tex/generic/pgf/libraries/shapes/pgflibrary
shapes.misc.code.tex
File: pgflibraryshapes.misc.code.tex 2013/07/18 v3.0.1a (rcs-revision 1.5)
))
(/usr/local/texlive/2016/texmf-dist/tex/generic/pgf/frontendlayer/tikz/librarie
s/tikzlibraryshapes.symbols.code.tex
File: tikzlibraryshapes.symbols.code.tex 2008/01/09 v3.0.1a (rcs-revision 1.1)

(/usr/local/texlive/2016/texmf-dist/tex/generic/pgf/libraries/shapes/pgflibrary
shapes.symbols.code.tex
File: pgflibraryshapes.symbols.code.tex 2013/09/11 v3.0.1a (rcs-revision 1.6)
))
(/usr/local/texlive/2016/texmf-dist/tex/generic/pgf/frontendlayer/tikz/librarie
s/tikzlibraryshapes.arrows.code.tex
File: tikzlibraryshapes.arrows.code.tex 2008/01/09 v3.0.1a (rcs-revision 1.1)

(/usr/local/texlive/2016/texmf-dist/tex/generic/pgf/libraries/shapes/pgflibrary
shapes.arrows.code.tex
File: pgflibraryshapes.arrows.code.tex 2008/06/26 v3.0.1a (rcs-revision 1.1)
))
(/usr/local/texlive/2016/texmf-dist/tex/generic/pgf/frontendlayer/tikz/librarie
s/tikzlibraryshapes.callouts.code.tex
(/usr/local/texlive/2016/texmf-dist/tex/generic/pgf/libraries/shapes/pgflibrary
shapes.callouts.code.tex))
(/usr/local/texlive/2016/texmf-dist/tex/generic/pgf/frontendlayer/tikz/librarie
s/tikzlibraryshapes.multipart.code.tex
File: tikzlibraryshapes.multipart.code.tex 2008/01/09 v3.0.1a (rcs-revision 1.1
)

(/usr/local/texlive/2016/texmf-dist/tex/generic/pgf/libraries/shapes/pgflibrary
shapes.multipart.code.tex
File: pgflibraryshapes.multipart.code.tex 2010/01/07 v3.0.1a (rcs-revision 1.2)

\pgfnodepartlowerbox=\box39
\pgfnodeparttwobox=\box40
\pgfnodepartthreebox=\box41
\pgfnodepartfourbox=\box42
\pgfnodeparttwentybox=\box43
\pgfnodepartnineteenbox=\box44
\pgfnodeparteighteenbox=\box45
\pgfnodepartseventeenbox=\box46
\pgfnodepartsixteenbox=\box47
\pgfnodepartfifteenbox=\box48
\pgfnodepartfourteenbox=\box49
\pgfnodepartthirteenbox=\box50
\pgfnodeparttwelvebox=\box51
\pgfnodepartelevenbox=\box52
\pgfnodeparttenbox=\box53
\pgfnodepartninebox=\box54
\pgfnodeparteightbox=\box55
\pgfnodepartsevenbox=\box56
\pgfnodepartsixbox=\box57
\pgfnodepartfivebox=\box58
)))
(/usr/local/texlive/2016/texmf-dist/tex/generic/pgf/frontendlayer/tikz/librarie
s/tikzlibrarydecorations.code.tex
(/usr/local/texlive/2016/texmf-dist/tex/generic/pgf/modules/pgfmoduledecoration
s.code.tex
\pgfdecoratedcompleteddistance=\dimen159
\pgfdecoratedremainingdistance=\dimen160
\pgfdecoratedinputsegmentcompleteddistance=\dimen161
\pgfdecoratedinputsegmentremainingdistance=\dimen162
\pgf@decorate@distancetomove=\dimen163
\pgf@decorate@repeatstate=\count111
\pgfdecorationsegmentamplitude=\dimen164
\pgfdecorationsegmentlength=\dimen165
)
\tikz@lib@dec@box=\box59
) (/usr/local/texlive/2016/texmf-dist/tex/latex/base/bk12.clo
File: bk12.clo 2014/09/29 v1.4h Standard LaTeX file (size option)
)
\c@part=\count112
\c@chapter=\count113
\c@section=\count114
\c@subsection=\count115
\c@subsubsection=\count116
\c@paragraph=\count117
\c@subparagraph=\count118
\c@figure=\count119
\c@table=\count120
\abovecaptionskip=\skip44
\belowcaptionskip=\skip45
\bibindent=\dimen166
\absbox=\box60
\ackbox=\box61
\dedbox=\box62
)
(/usr/local/texlive/2016/texmf-dist/tex/latex/microtype/microtype.sty
Package: microtype 2016/05/14 v2.6a Micro-typographical refinements (RS)
\MT@toks=\toks33
\MT@count=\count121
LaTeX Info: Redefining \textls on input line 774.
\MT@outer@kern=\dimen167
LaTeX Info: Redefining \textmicrotypecontext on input line 1310.
\MT@listname@count=\count122

(/usr/local/texlive/2016/texmf-dist/tex/latex/microtype/microtype-pdftex.def
File: microtype-pdftex.def 2016/05/14 v2.6a Definitions specific to pdftex (RS)

LaTeX Info: Redefining \lsstyle on input line 916.
LaTeX Info: Redefining \lslig on input line 916.
\MT@outer@space=\skip46
)
Package microtype Info: Loading configuration file microtype.cfg.

(/usr/local/texlive/2016/texmf-dist/tex/latex/microtype/microtype.cfg
File: microtype.cfg 2016/05/14 v2.6a microtype main configuration file (RS)
))
\c@totalfigure=\count123
\c@totaltable=\count124
\c@totalbibitem=\count125

(/usr/local/texlive/2016/texmf-dist/tex/latex/geometry/geometry.sty
Package: geometry 2010/09/12 v5.6 Page Geometry

(/usr/local/texlive/2016/texmf-dist/tex/generic/oberdiek/ifpdf.sty
Package: ifpdf 2016/05/14 v3.1 Provides the ifpdf switch
)
(/usr/local/texlive/2016/texmf-dist/tex/generic/oberdiek/ifvtex.sty
Package: ifvtex 2016/05/16 v1.6 Detect VTeX and its facilities (HO)
Package ifvtex Info: VTeX not detected.
)
(/usr/local/texlive/2016/texmf-dist/tex/generic/ifxetex/ifxetex.sty
Package: ifxetex 2010/09/12 v0.6 Provides ifxetex conditional
)
\Gm@cnth=\count126
\Gm@cntv=\count127
\c@Gm@tempcnt=\count128
\Gm@bindingoffset=\dimen168
\Gm@wd@mp=\dimen169
\Gm@odd@mp=\dimen170
\Gm@even@mp=\dimen171
\Gm@layoutwidth=\dimen172
\Gm@layoutheight=\dimen173
\Gm@layouthoffset=\dimen174
\Gm@layoutvoffset=\dimen175
\Gm@dimlist=\toks34
)
(./latex/atlasmisc.sty
\figwidth=\skip47
\dkwidth=\dimen176
) (./latex/atlasphysics.sty
Package: latex/atlasphysics 2016/10/10 v.02-00-01 ATLAS physics macros

(/usr/local/texlive/2016/texmf-dist/tex/latex/tools/xspace.sty
Package: xspace 2014/10/28 v1.13 Space after command names (DPC,MH)
)
(/usr/local/texlive/2016/texmf-dist/tex/latex/base/ifthen.sty
Package: ifthen 2014/09/29 v1.1c Standard LaTeX ifthen package (DPC)
)
(/usr/local/texlive/2016/texmf-dist/tex/latex/oberdiek/kvoptions.sty
Package: kvoptions 2016/05/16 v3.12 Key value format for package options (HO)

(/usr/local/texlive/2016/texmf-dist/tex/generic/oberdiek/kvsetkeys.sty
Package: kvsetkeys 2016/05/16 v1.17 Key value parser (HO)

(/usr/local/texlive/2016/texmf-dist/tex/generic/oberdiek/etexcmds.sty
Package: etexcmds 2016/05/16 v1.6 Avoid name clashes with e-TeX commands (HO)

(/usr/local/texlive/2016/texmf-dist/tex/generic/oberdiek/ifluatex.sty
Package: ifluatex 2016/05/16 v1.4 Provides the ifluatex switch (HO)
Package ifluatex Info: LuaTeX not detected.
)
Package etexcmds Info: Could not find \expanded.
(etexcmds)             That can mean that you are not using pdfTeX 1.50 or
(etexcmds)             that some package has redefined \expanded.
(etexcmds)             In the latter case, load this package earlier.
)))
atlasphysics: APHY@texlive is [2013]
(./latex/atlasjournal.sty) (./latex/atlasparticle.sty) (./latex/atlasunit.sty
atlasphysics: AUNIT@texlive is [2013]
*** atlasunit: siunitx is not loaded
*** atlasunit: atlaspackage TeX Live is not defined
*** atlasunit: defining TeVc, TeVcc as siunitx is not loaded
) (./latex/atlasxref.sty))
(/usr/local/texlive/2016/texmf-dist/tex/latex/multirow/multirow.sty
\bigstrutjot=\dimen177
)
(./thesis.aux

LaTeX Warning: Label `eq:RLE_efficiency_formula' multiply defined.

)
\openout1 = `thesis.aux'.

LaTeX Font Info:    Checking defaults for OML/cmm/m/it on input line 55.
LaTeX Font Info:    ... okay on input line 55.
LaTeX Font Info:    Checking defaults for T1/cmr/m/n on input line 55.
LaTeX Font Info:    ... okay on input line 55.
LaTeX Font Info:    Checking defaults for OT1/cmr/m/n on input line 55.
LaTeX Font Info:    ... okay on input line 55.
LaTeX Font Info:    Checking defaults for OMS/cmsy/m/n on input line 55.
LaTeX Font Info:    ... okay on input line 55.
LaTeX Font Info:    Checking defaults for OMX/cmex/m/n on input line 55.
LaTeX Font Info:    ... okay on input line 55.
LaTeX Font Info:    Checking defaults for U/cmr/m/n on input line 55.
LaTeX Font Info:    ... okay on input line 55.
 ABD: EveryShipout initializing macros
(/usr/local/texlive/2016/texmf-dist/tex/context/base/mkii/supp-pdf.mkii
[Loading MPS to PDF converter (version 2006.09.02).]
\scratchcounter=\count129
\scratchdimen=\dimen178
\scratchbox=\box63
\nofMPsegments=\count130
\nofMParguments=\count131
\everyMPshowfont=\toks35
\MPscratchCnt=\count132
\MPscratchDim=\dimen179
\MPnumerator=\count133
\makeMPintoPDFobject=\count134
\everyMPtoPDFconversion=\toks36
) (/usr/local/texlive/2016/texmf-dist/tex/generic/oberdiek/pdftexcmds.sty
Package: pdftexcmds 2016/05/10 v0.21 Utility functions of pdfTeX for LuaTeX (HO
)
Package pdftexcmds Info: LuaTeX not detected.
Package pdftexcmds Info: \pdf@primitive is available.
Package pdftexcmds Info: \pdf@ifprimitive is available.
Package pdftexcmds Info: \pdfdraftmode found.
)
(/usr/local/texlive/2016/texmf-dist/tex/latex/oberdiek/epstopdf-base.sty
Package: epstopdf-base 2016/05/15 v2.6 Base part for package epstopdf

(/usr/local/texlive/2016/texmf-dist/tex/latex/oberdiek/grfext.sty
Package: grfext 2016/05/16 v1.2 Manage graphics extensions (HO)

(/usr/local/texlive/2016/texmf-dist/tex/generic/oberdiek/kvdefinekeys.sty
Package: kvdefinekeys 2016/05/16 v1.4 Define keys (HO)
))
Package grfext Info: Graphics extension search list:
(grfext)             [.png,.pdf,.jpg,.mps,.jpeg,.jbig2,.jb2,.PNG,.PDF,.JPG,.JPE
G,.JBIG2,.JB2,.eps]
(grfext)             \AppendGraphicsExtensions on input line 456.

(/usr/local/texlive/2016/texmf-dist/tex/latex/latexconfig/epstopdf-sys.cfg
File: epstopdf-sys.cfg 2010/07/13 v1.3 Configuration of (r)epstopdf for TeX Liv
e
))
LaTeX Info: Redefining \microtypecontext on input line 55.
Package microtype Info: Generating PDF output.
Package microtype Info: Character protrusion enabled (level 2).
Package microtype Info: Using default protrusion set `alltext'.
Package microtype Info: Automatic font expansion enabled (level 2),
(microtype)             stretch: 20, shrink: 20, step: 1, non-selected.
Package microtype Info: Using default expansion set `basictext'.
Package microtype Info: No adjustment of tracking.
Package microtype Info: No adjustment of interword spacing.
Package microtype Info: No adjustment of character kerning.

(/usr/local/texlive/2016/texmf-dist/tex/latex/microtype/mt-cmr.cfg
File: mt-cmr.cfg 2013/05/19 v2.2 microtype config. file: Computer Modern Roman 
(RS)
)
*geometry* driver: auto-detecting
*geometry* detected driver: pdftex
*geometry* verbose mode - [ preamble ] result:
* driver: pdftex
* paper: <default>
* layout: <same size as paper>
* layoutoffset:(h,v)=(0.0pt,0.0pt)
* modes: 
* h-part:(L,W,R)=(115.63243pt, 411.9388pt, 86.72377pt)
* v-part:(T,H,B)=(72.26999pt, 650.43001pt, 72.26999pt)
* \paperwidth=614.295pt
* \paperheight=794.96999pt
* \textwidth=411.9388pt
* \textheight=650.43001pt
* \oddsidemargin=43.36244pt
* \evensidemargin=43.36244pt
* \topmargin=0.0pt
* \headheight=0.0pt
* \headsep=0.0pt
* \topskip=0.0pt
* \footskip=36.135pt
* \marginparwidth=47.0pt
* \marginparsep=7.0pt
* \columnsep=10.0pt
* \skip\footins=10.8pt plus 4.0pt minus 2.0pt
* \hoffset=0.0pt
* \voffset=0.0pt
* \mag=1000
* \@twocolumnfalse
* \@twosidefalse
* \@mparswitchfalse
* \@reversemarginfalse
* (1in=72.27pt=25.4mm, 1cm=28.453pt)

[1



{/usr/local/texlive/2016/texmf-var/fonts/map/pdftex/updmap/pdftex.map}]
[2]
LaTeX Font Info:    Try loading font information for OMS+cmr on input line 90.
 (/usr/local/texlive/2016/texmf-dist/tex/latex/base/omscmr.fd
File: omscmr.fd 2014/09/29 v2.5h Standard LaTeX font definitions
)
LaTeX Font Info:    Font shape `OMS/cmr/m/n' in size <12> not available
(Font)              Font shape `OMS/cmsy/m/n' tried instead on input line 90.
 [3] [3

]
[4

] (./thesis.toc
LaTeX Font Info:    Try loading font information for U+msa on input line 9.

(/usr/local/texlive/2016/texmf-dist/tex/latex/amsfonts/umsa.fd
File: umsa.fd 2013/01/14 v3.01 AMS symbols A
)
(/usr/local/texlive/2016/texmf-dist/tex/latex/microtype/mt-msa.cfg
File: mt-msa.cfg 2006/02/04 v1.1 microtype config. file: AMS symbols (a) (RS)
)
LaTeX Font Info:    Try loading font information for U+msb on input line 9.

(/usr/local/texlive/2016/texmf-dist/tex/latex/amsfonts/umsb.fd
File: umsb.fd 2013/01/14 v3.01 AMS symbols B
)
(/usr/local/texlive/2016/texmf-dist/tex/latex/microtype/mt-msb.cfg
File: mt-msb.cfg 2005/06/01 v1.0 microtype config. file: AMS symbols (b) (RS)
))
\tf@toc=\write4
\openout4 = `thesis.toc'.

 [5

]
(./thesis.lot [6

])
\tf@lot=\write5
\openout5 = `thesis.lot'.

 [7] (./thesis.lof [8

] [9])
\tf@lof=\write6
\openout6 = `thesis.lof'.

 [10] [11

]
(./texfiles/sec.intro.tex) [1


]
Chapter 1.
(./texfiles/chap.theory.tex) [2

]
Chapter 2.
(./texfiles/chap.lhc.atlas.tex) [3

]
Chapter 3.
(./texfiles/chap.roib.tex) [4

]
Chapter 4.
(./texfiles/chap.reco.tex) [5

]
Chapter 5.
(./texfiles/chap.fake.tex [6

] [7] [8] [9] [10]
<figures/mct/MC-tmpl.png, id=86, 785.93625pt x 345.08925pt>
File: figures/mct/MC-tmpl.png Graphic file (type png)

<use figures/mct/MC-tmpl.png>
Package pdftex.def Info: figures/mct/MC-tmpl.png used on input line 113.
(pdftex.def)             Requested size: 288.3559pt x 126.61209pt.
 [11 <./figures/mct/MC-tmpl.png>] [12] [13]
<figures/mct/Prefit/el2_pt_ee_CR0b_SS3L.pdf, id=97, 569.12625pt x 713.66624pt>
File: figures/mct/Prefit/el2_pt_ee_CR0b_SS3L.pdf Graphic file (type pdf)

<use figures/mct/Prefit/el2_pt_ee_CR0b_SS3L.pdf>
Package pdftex.def Info: figures/mct/Prefit/el2_pt_ee_CR0b_SS3L.pdf used on inp
ut line 166.
(pdftex.def)             Requested size: 131.82343pt x 165.30496pt.

<figures/mct/Prefit/NJETS_em_CR0b_SS3L.pdf, id=98, 569.12625pt x 713.66624pt>
File: figures/mct/Prefit/NJETS_em_CR0b_SS3L.pdf Graphic file (type pdf)

<use figures/mct/Prefit/NJETS_em_CR0b_SS3L.pdf>
Package pdftex.def Info: figures/mct/Prefit/NJETS_em_CR0b_SS3L.pdf used on inpu
t line 167.
(pdftex.def)             Requested size: 131.82343pt x 165.30496pt.

<figures/mct/Prefit/mu2_pt_mm_CR0b_SS3L.pdf, id=99, 569.12625pt x 713.66624pt>
File: figures/mct/Prefit/mu2_pt_mm_CR0b_SS3L.pdf Graphic file (type pdf)

<use figures/mct/Prefit/mu2_pt_mm_CR0b_SS3L.pdf>
Package pdftex.def Info: figures/mct/Prefit/mu2_pt_mm_CR0b_SS3L.pdf used on inp
ut line 168.
(pdftex.def)             Requested size: 131.82343pt x 165.30496pt.

<figures/mct/Postfit/el2_pt_ee_CR0b_SS3L.pdf, id=100, 569.12625pt x 713.66624pt
>
File: figures/mct/Postfit/el2_pt_ee_CR0b_SS3L.pdf Graphic file (type pdf)
 <use figures/mct/Postfit/el2_pt_ee_CR0b_SS3L.pdf>
Package pdftex.def Info: figures/mct/Postfit/el2_pt_ee_CR0b_SS3L.pdf used on in
put line 177.
(pdftex.def)             Requested size: 131.82343pt x 165.30496pt.

<figures/mct/Postfit/NJETS_em_CR0b_SS3L.pdf, id=101, 569.12625pt x 713.66624pt>
File: figures/mct/Postfit/NJETS_em_CR0b_SS3L.pdf Graphic file (type pdf)
<use figures/mct/Postfit/NJETS_em_CR0b_SS3L.pdf>
Package pdftex.def Info: figures/mct/Postfit/NJETS_em_CR0b_SS3L.pdf used on inp
ut line 178.
(pdftex.def)             Requested size: 131.82343pt x 165.30496pt.

<figures/mct/Postfit/mu2_pt_mm_CR0b_SS3L.pdf, id=102, 569.12625pt x 713.66624pt
>
File: figures/mct/Postfit/mu2_pt_mm_CR0b_SS3L.pdf Graphic file (type pdf)
 <use figures/mct/Postfit/mu2_pt_mm_CR0b_SS3L.pdf>
Package pdftex.def Info: figures/mct/Postfit/mu2_pt_mm_CR0b_SS3L.pdf used on in
put line 179.
(pdftex.def)             Requested size: 131.82343pt x 165.30496pt.

<figures/mct/Prefit/el2_pt_ee_CR1b_SS3L.pdf, id=103, 569.12625pt x 713.66624pt>
File: figures/mct/Prefit/el2_pt_ee_CR1b_SS3L.pdf Graphic file (type pdf)
<use figures/mct/Prefit/el2_pt_ee_CR1b_SS3L.pdf>
Package pdftex.def Info: figures/mct/Prefit/el2_pt_ee_CR1b_SS3L.pdf used on inp
ut line 188.
(pdftex.def)             Requested size: 131.82343pt x 165.30496pt.

<figures/mct/Prefit/NJETS_em_CR1b_SS3L.pdf, id=104, 569.12625pt x 713.66624pt>
File: figures/mct/Prefit/NJETS_em_CR1b_SS3L.pdf Graphic file (type pdf)

<use figures/mct/Prefit/NJETS_em_CR1b_SS3L.pdf>
Package pdftex.def Info: figures/mct/Prefit/NJETS_em_CR1b_SS3L.pdf used on inpu
t line 189.
(pdftex.def)             Requested size: 131.82343pt x 165.30496pt.

<figures/mct/Prefit/mu2_pt_mm_CR1b_SS3L.pdf, id=105, 569.12625pt x 713.66624pt>
File: figures/mct/Prefit/mu2_pt_mm_CR1b_SS3L.pdf Graphic file (type pdf)
<use figures/mct/Prefit/mu2_pt_mm_CR1b_SS3L.pdf>
Package pdftex.def Info: figures/mct/Prefit/mu2_pt_mm_CR1b_SS3L.pdf used on inp
ut line 190.
(pdftex.def)             Requested size: 131.82343pt x 165.30496pt.

<figures/mct/Postfit/el2_pt_ee_CR1b_SS3L.pdf, id=106, 569.12625pt x 713.66624pt
>
File: figures/mct/Postfit/el2_pt_ee_CR1b_SS3L.pdf Graphic file (type pdf)
 <use figures/mct/Postfit/el2_pt_ee_CR1b_SS3L.pdf>
Package pdftex.def Info: figures/mct/Postfit/el2_pt_ee_CR1b_SS3L.pdf used on in
put line 199.
(pdftex.def)             Requested size: 131.82343pt x 165.30496pt.

<figures/mct/Postfit/NJETS_em_CR1b_SS3L.pdf, id=107, 569.12625pt x 713.66624pt>
File: figures/mct/Postfit/NJETS_em_CR1b_SS3L.pdf Graphic file (type pdf)
<use figures/mct/Postfit/NJETS_em_CR1b_SS3L.pdf>
Package pdftex.def Info: figures/mct/Postfit/NJETS_em_CR1b_SS3L.pdf used on inp
ut line 200.
(pdftex.def)             Requested size: 131.82343pt x 165.30496pt.

<figures/mct/Postfit/mu2_pt_mm_CR1b_SS3L.pdf, id=108, 569.12625pt x 713.66624pt
>
File: figures/mct/Postfit/mu2_pt_mm_CR1b_SS3L.pdf Graphic file (type pdf)
 <use figures/mct/Postfit/mu2_pt_mm_CR1b_SS3L.pdf>
Package pdftex.def Info: figures/mct/Postfit/mu2_pt_mm_CR1b_SS3L.pdf used on in
put line 201.
(pdftex.def)             Requested size: 131.82343pt x 165.30496pt.
 [14 <./figures/mct/Prefit/el2_pt_ee_CR0b_SS3L.pdf> <./figures/mct/Prefit/NJETS
_em_CR0b_SS3L.pdf> <./figures/mct/Prefit/mu2_pt_mm_CR0b_SS3L.pdf>] [15 <./figur
es/mct/Postfit/el2_pt_ee_CR0b_SS3L.pdf> <./figures/mct/Postfit/NJETS_em_CR0b_SS
3L.pdf> <./figures/mct/Postfit/mu2_pt_mm_CR0b_SS3L.pdf>] [16 <./figures/mct/Pre
fit/el2_pt_ee_CR1b_SS3L.pdf> <./figures/mct/Prefit/NJETS_em_CR1b_SS3L.pdf> <./f
igures/mct/Prefit/mu2_pt_mm_CR1b_SS3L.pdf>] [17 <./figures/mct/Postfit/el2_pt_e
e_CR1b_SS3L.pdf> <./figures/mct/Postfit/NJETS_em_CR1b_SS3L.pdf> <./figures/mct/
Postfit/mu2_pt_mm_CR1b_SS3L.pdf>] [18] [19] [20] [21]
Package microtype Info: Loading generic settings for font family
(microtype)             `cmtt' (encoding: OT1).
(microtype)             For optimal results, create family-specific settings.
(microtype)             See the microtype manual for details.

Overfull \hbox (104.0525pt too wide) in paragraph at lines 338--351
 [] 
 []


<figures/real_lepton_efficiency/signal_level_Mee_pt1015_ratio_plot_MC_normalize
d.pdf, id=654, 569.12625pt x 547.04375pt>
File: figures/real_lepton_efficiency/signal_level_Mee_pt1015_ratio_plot_MC_norm
alized.pdf Graphic file (type pdf)

<use figures/real_lepton_efficiency/signal_level_Mee_pt1015_ratio_plot_MC_norma
lized.pdf>
Package pdftex.def Info: figures/real_lepton_efficiency/signal_level_Mee_pt1015
_ratio_plot_MC_normalized.pdf used on input line 362.
(pdftex.def)             Requested size: 197.72885pt x 190.0575pt.

<figures/real_lepton_efficiency/signal_level_Mee_pt1520_ratio_plot_MC_normalize
d.pdf, id=655, 569.12625pt x 547.04375pt>
File: figures/real_lepton_efficiency/signal_level_Mee_pt1520_ratio_plot_MC_norm
alized.pdf Graphic file (type pdf)

<use figures/real_lepton_efficiency/signal_level_Mee_pt1520_ratio_plot_MC_norma
lized.pdf>
Package pdftex.def Info: figures/real_lepton_efficiency/signal_level_Mee_pt1520
_ratio_plot_MC_normalized.pdf used on input line 363.
(pdftex.def)             Requested size: 197.72885pt x 190.0575pt.

<figures/real_lepton_efficiency/signal_level_Mmumu_pt1015_ratio_plot_MC_normali
zed.pdf, id=656, 569.12625pt x 547.04375pt>
File: figures/real_lepton_efficiency/signal_level_Mmumu_pt1015_ratio_plot_MC_no
rmalized.pdf Graphic file (type pdf)

<use figures/real_lepton_efficiency/signal_level_Mmumu_pt1015_ratio_plot_MC_nor
malized.pdf>
Package pdftex.def Info: figures/real_lepton_efficiency/signal_level_Mmumu_pt10
15_ratio_plot_MC_normalized.pdf used on input line 364.
(pdftex.def)             Requested size: 197.72885pt x 190.0575pt.

<figures/real_lepton_efficiency/signal_level_Mmumu_pt1520_ratio_plot_MC_normali
zed.pdf, id=657, 569.12625pt x 547.04375pt>
File: figures/real_lepton_efficiency/signal_level_Mmumu_pt1520_ratio_plot_MC_no
rmalized.pdf Graphic file (type pdf)

<use figures/real_lepton_efficiency/signal_level_Mmumu_pt1520_ratio_plot_MC_nor
malized.pdf>
Package pdftex.def Info: figures/real_lepton_efficiency/signal_level_Mmumu_pt15
20_ratio_plot_MC_normalized.pdf used on input line 365.
(pdftex.def)             Requested size: 197.72885pt x 190.0575pt.


LaTeX Warning: Citation `ATLAS-CONF-2014-018' on page 22 undefined on input lin
e 374.

[22] [23 <./figures/real_lepton_efficiency/signal_level_Mee_pt1015_ratio_plot_M
C_normalized.pdf, page is rotated 90 degrees> <./figures/real_lepton_efficiency
/signal_level_Mee_pt1520_ratio_plot_MC_normalized.pdf, page is rotated 90 degre
es> <./figures/real_lepton_efficiency/signal_level_Mmumu_pt1015_ratio_plot_MC_n
ormalized.pdf, page is rotated 90 degrees> <./figures/real_lepton_efficiency/si
gnal_level_Mmumu_pt1520_ratio_plot_MC_normalized.pdf, page is rotated 90 degree
s>]
Overfull \hbox (61.18044pt too wide) in paragraph at lines 397--408
 [] 
 []


<figures/real_lepton_efficiency/bkg_template_electron_pt_1015_eta0201.pdf, id=8
38, 569.12625pt x 547.04375pt>
File: figures/real_lepton_efficiency/bkg_template_electron_pt_1015_eta0201.pdf 
Graphic file (type pdf)

<use figures/real_lepton_efficiency/bkg_template_electron_pt_1015_eta0201.pdf>
Package pdftex.def Info: figures/real_lepton_efficiency/bkg_template_electron_p
t_1015_eta0201.pdf used on input line 415.
(pdftex.def)             Requested size: 197.72885pt x 190.0575pt.

<figures/real_lepton_efficiency/bkg_template_electron_pt_1520_eta0201.pdf, id=8
39, 569.12625pt x 547.04375pt>
File: figures/real_lepton_efficiency/bkg_template_electron_pt_1520_eta0201.pdf 
Graphic file (type pdf)

<use figures/real_lepton_efficiency/bkg_template_electron_pt_1520_eta0201.pdf>
Package pdftex.def Info: figures/real_lepton_efficiency/bkg_template_electron_p
t_1520_eta0201.pdf used on input line 416.
(pdftex.def)             Requested size: 197.72885pt x 190.0575pt.

[24] [25 <./figures/real_lepton_efficiency/bkg_template_electron_pt_1015_eta020
1.pdf, page is rotated 90 degrees> <./figures/real_lepton_efficiency/bkg_templa
te_electron_pt_1520_eta0201.pdf, page is rotated 90 degrees>] [26]
<figures/real_lepton_efficiency/bkg_subtraction_baseline_template_range_baselin
e_mll80_100_pt10_15_eta0_80_tag_trigger_matched.pdf, id=936, 569.12625pt x 546.
04pt>
File: figures/real_lepton_efficiency/bkg_subtraction_baseline_template_range_ba
seline_mll80_100_pt10_15_eta0_80_tag_trigger_matched.pdf Graphic file (type pdf
)

<use figures/real_lepton_efficiency/bkg_subtraction_baseline_template_range_bas
eline_mll80_100_pt10_15_eta0_80_tag_trigger_matched.pdf>
Package pdftex.def Info: figures/real_lepton_efficiency/bkg_subtraction_baselin
e_template_range_baseline_mll80_100_pt10_15_eta0_80_tag_trigger_matched.pdf use
d on input line 449.
(pdftex.def)             Requested size: 135.94055pt x 130.42738pt.

<figures/real_lepton_efficiency/bkg_subtraction_baseline_template_range_baselin
e_mll80_100_pt10_15_eta80_137_tag_trigger_matched.pdf, id=937, 569.12625pt x 54
6.04pt>
File: figures/real_lepton_efficiency/bkg_subtraction_baseline_template_range_ba
seline_mll80_100_pt10_15_eta80_137_tag_trigger_matched.pdf Graphic file (type p
df)

<use figures/real_lepton_efficiency/bkg_subtraction_baseline_template_range_bas
eline_mll80_100_pt10_15_eta80_137_tag_trigger_matched.pdf>
Package pdftex.def Info: figures/real_lepton_efficiency/bkg_subtraction_baselin
e_template_range_baseline_mll80_100_pt10_15_eta80_137_tag_trigger_matched.pdf u
sed on input line 450.
(pdftex.def)             Requested size: 135.94055pt x 130.42738pt.

<figures/real_lepton_efficiency/bkg_subtraction_baseline_template_range_baselin
e_mll80_100_pt10_15_eta151_200_tag_trigger_matched.pdf, id=938, 569.12625pt x 5
46.04pt>
File: figures/real_lepton_efficiency/bkg_subtraction_baseline_template_range_ba
seline_mll80_100_pt10_15_eta151_200_tag_trigger_matched.pdf Graphic file (type 
pdf)

<use figures/real_lepton_efficiency/bkg_subtraction_baseline_template_range_bas
eline_mll80_100_pt10_15_eta151_200_tag_trigger_matched.pdf>
Package pdftex.def Info: figures/real_lepton_efficiency/bkg_subtraction_baselin
e_template_range_baseline_mll80_100_pt10_15_eta151_200_tag_trigger_matched.pdf 
used on input line 451.
(pdftex.def)             Requested size: 135.94055pt x 130.42738pt.

<figures/real_lepton_efficiency/bkg_subtraction_baseline_template_range_baselin
e_mll80_100_pt15_20_eta0_80_tag_trigger_matched.pdf, id=939, 569.12625pt x 546.
04pt>
File: figures/real_lepton_efficiency/bkg_subtraction_baseline_template_range_ba
seline_mll80_100_pt15_20_eta0_80_tag_trigger_matched.pdf Graphic file (type pdf
)

<use figures/real_lepton_efficiency/bkg_subtraction_baseline_template_range_bas
eline_mll80_100_pt15_20_eta0_80_tag_trigger_matched.pdf>
Package pdftex.def Info: figures/real_lepton_efficiency/bkg_subtraction_baselin
e_template_range_baseline_mll80_100_pt15_20_eta0_80_tag_trigger_matched.pdf use
d on input line 452.
(pdftex.def)             Requested size: 135.94055pt x 130.42738pt.

<figures/real_lepton_efficiency/bkg_subtraction_baseline_template_range_baselin
e_mll80_100_pt15_20_eta80_137_tag_trigger_matched.pdf, id=940, 569.12625pt x 54
6.04pt>
File: figures/real_lepton_efficiency/bkg_subtraction_baseline_template_range_ba
seline_mll80_100_pt15_20_eta80_137_tag_trigger_matched.pdf Graphic file (type p
df)

<use figures/real_lepton_efficiency/bkg_subtraction_baseline_template_range_bas
eline_mll80_100_pt15_20_eta80_137_tag_trigger_matched.pdf>
Package pdftex.def Info: figures/real_lepton_efficiency/bkg_subtraction_baselin
e_template_range_baseline_mll80_100_pt15_20_eta80_137_tag_trigger_matched.pdf u
sed on input line 453.
(pdftex.def)             Requested size: 135.94055pt x 130.42738pt.

<figures/real_lepton_efficiency/bkg_subtraction_baseline_template_range_baselin
e_mll80_100_pt15_20_eta151_200_tag_trigger_matched.pdf, id=941, 569.12625pt x 5
46.04pt>
File: figures/real_lepton_efficiency/bkg_subtraction_baseline_template_range_ba
seline_mll80_100_pt15_20_eta151_200_tag_trigger_matched.pdf Graphic file (type 
pdf)

<use figures/real_lepton_efficiency/bkg_subtraction_baseline_template_range_bas
eline_mll80_100_pt15_20_eta151_200_tag_trigger_matched.pdf>
Package pdftex.def Info: figures/real_lepton_efficiency/bkg_subtraction_baselin
e_template_range_baseline_mll80_100_pt15_20_eta151_200_tag_trigger_matched.pdf 
used on input line 454.
(pdftex.def)             Requested size: 135.94055pt x 130.42738pt.

Underfull \hbox (badness 10000) in paragraph at lines 449--462
[][] []
 []


Underfull \hbox (badness 10000) in paragraph at lines 449--462
[] []
 []


LaTeX Warning: Float too large for page by 262.48384pt on input line 464.

[27] [28 <./figures/real_lepton_efficiency/bkg_subtraction_baseline_template_ra
nge_baseline_mll80_100_pt10_15_eta0_80_tag_trigger_matched.pdf, page is rotated
 90 degrees> <./figures/real_lepton_efficiency/bkg_subtraction_baseline_templat
e_range_baseline_mll80_100_pt10_15_eta80_137_tag_trigger_matched.pdf, page is r
otated 90 degrees> <./figures/real_lepton_efficiency/bkg_subtraction_baseline_t
emplate_range_baseline_mll80_100_pt10_15_eta151_200_tag_trigger_matched.pdf, pa
ge is rotated 90 degrees> <./figures/real_lepton_efficiency/bkg_subtraction_bas
eline_template_range_baseline_mll80_100_pt15_20_eta0_80_tag_trigger_matched.pdf
, page is rotated 90 degrees> <./figures/real_lepton_efficiency/bkg_subtraction
_baseline_template_range_baseline_mll80_100_pt15_20_eta80_137_tag_trigger_match
ed.pdf, page is rotated 90 degrees> <./figures/real_lepton_efficiency/bkg_subtr
action_baseline_template_range_baseline_mll80_100_pt15_20_eta151_200_tag_trigge
r_matched.pdf, page is rotated 90 degrees>]
Overfull \hbox (85.47209pt too wide) in paragraph at lines 498--511
 [] 
 []


LaTeX Warning: Citation `SS3L-Moriond2017' on page 29 undefined on input line 5
28.

[29]
<figures/real_lepton_efficiency/cut_efficiency_electron.pdf, id=1212, 569.12625
pt x 543.02875pt>
File: figures/real_lepton_efficiency/cut_efficiency_electron.pdf Graphic file (
type pdf)

<use figures/real_lepton_efficiency/cut_efficiency_electron.pdf>
Package pdftex.def Info: figures/real_lepton_efficiency/cut_efficiency_electron
.pdf used on input line 533.
(pdftex.def)             Requested size: 197.72885pt x 188.66257pt.

<figures/real_lepton_efficiency/cut_efficiency_muon.pdf, id=1213, 569.12625pt x
 543.02875pt>
File: figures/real_lepton_efficiency/cut_efficiency_muon.pdf Graphic file (type
 pdf)
 <use figures/real_lepton_efficiency/cut_efficiency_muon.pdf>
Package pdftex.def Info: figures/real_lepton_efficiency/cut_efficiency_muon.pdf
 used on input line 534.
(pdftex.def)             Requested size: 197.72885pt x 188.66257pt.

[30] [31 <./figures/real_lepton_efficiency/cut_efficiency_electron.pdf, page is
 rotated 90 degrees> <./figures/real_lepton_efficiency/cut_efficiency_muon.pdf,
 page is rotated 90 degrees>]
<figures/real_lepton_efficiency/real_electron_efficiency_total_systematics.pdf,
 id=1307, 569.12625pt x 547.04375pt>
File: figures/real_lepton_efficiency/real_electron_efficiency_total_systematics
.pdf Graphic file (type pdf)

<use figures/real_lepton_efficiency/real_electron_efficiency_total_systematics.
pdf>
Package pdftex.def Info: figures/real_lepton_efficiency/real_electron_efficienc
y_total_systematics.pdf used on input line 571.
(pdftex.def)             Requested size: 197.72885pt x 190.0575pt.

<figures/real_lepton_efficiency/real_muon_efficiency_total_systematics.pdf, id=
1308, 569.12625pt x 547.04375pt>
File: figures/real_lepton_efficiency/real_muon_efficiency_total_systematics.pdf
 Graphic file (type pdf)

<use figures/real_lepton_efficiency/real_muon_efficiency_total_systematics.pdf>
Package pdftex.def Info: figures/real_lepton_efficiency/real_muon_efficiency_to
tal_systematics.pdf used on input line 572.
(pdftex.def)             Requested size: 197.72885pt x 190.0575pt.
[32] [33 <./figures/real_lepton_efficiency/real_electron_efficiency_total_syste
matics.pdf, page is rotated 90 degrees> <./figures/real_lepton_efficiency/real_
muon_efficiency_total_systematics.pdf, page is rotated 90 degrees>]
<figures/real_lepton_efficiency/Compare_TandP_truth_match_electron_pt.pdf, id=1
401, 569.12625pt x 543.02875pt>
File: figures/real_lepton_efficiency/Compare_TandP_truth_match_electron_pt.pdf 
Graphic file (type pdf)

<use figures/real_lepton_efficiency/Compare_TandP_truth_match_electron_pt.pdf>
Package pdftex.def Info: figures/real_lepton_efficiency/Compare_TandP_truth_mat
ch_electron_pt.pdf used on input line 597.
(pdftex.def)             Requested size: 135.94055pt x 129.7081pt.

<figures/real_lepton_efficiency/Compare_TandP_truth_match_electron_eta.pdf, id=
1402, 569.12625pt x 543.02875pt>
File: figures/real_lepton_efficiency/Compare_TandP_truth_match_electron_eta.pdf
 Graphic file (type pdf)

<use figures/real_lepton_efficiency/Compare_TandP_truth_match_electron_eta.pdf>
Package pdftex.def Info: figures/real_lepton_efficiency/Compare_TandP_truth_mat
ch_electron_eta.pdf used on input line 598.
(pdftex.def)             Requested size: 135.94055pt x 129.7081pt.

<figures/real_lepton_efficiency/Compare_TandP_truth_match_electron_dRjet.pdf, i
d=1403, 569.12625pt x 543.02875pt>
File: figures/real_lepton_efficiency/Compare_TandP_truth_match_electron_dRjet.p
df Graphic file (type pdf)

<use figures/real_lepton_efficiency/Compare_TandP_truth_match_electron_dRjet.pd
f>
Package pdftex.def Info: figures/real_lepton_efficiency/Compare_TandP_truth_mat
ch_electron_dRjet.pdf used on input line 599.
(pdftex.def)             Requested size: 135.94055pt x 129.7081pt.

<figures/real_lepton_efficiency/Compare_TandP_truth_match_muon_pt.pdf, id=1404,
 569.12625pt x 543.02875pt>
File: figures/real_lepton_efficiency/Compare_TandP_truth_match_muon_pt.pdf Grap
hic file (type pdf)

<use figures/real_lepton_efficiency/Compare_TandP_truth_match_muon_pt.pdf>
Package pdftex.def Info: figures/real_lepton_efficiency/Compare_TandP_truth_mat
ch_muon_pt.pdf used on input line 600.
(pdftex.def)             Requested size: 135.94055pt x 129.7081pt.

<figures/real_lepton_efficiency/Compare_TandP_truth_match_muon_eta.pdf, id=1405
, 569.12625pt x 543.02875pt>
File: figures/real_lepton_efficiency/Compare_TandP_truth_match_muon_eta.pdf Gra
phic file (type pdf)

<use figures/real_lepton_efficiency/Compare_TandP_truth_match_muon_eta.pdf>
Package pdftex.def Info: figures/real_lepton_efficiency/Compare_TandP_truth_mat
ch_muon_eta.pdf used on input line 601.
(pdftex.def)             Requested size: 135.94055pt x 129.7081pt.

<figures/real_lepton_efficiency/Compare_TandP_truth_match_muon_dRjet.pdf, id=14
06, 569.12625pt x 543.02875pt>
File: figures/real_lepton_efficiency/Compare_TandP_truth_match_muon_dRjet.pdf G
raphic file (type pdf)

<use figures/real_lepton_efficiency/Compare_TandP_truth_match_muon_dRjet.pdf>
Package pdftex.def Info: figures/real_lepton_efficiency/Compare_TandP_truth_mat
ch_muon_dRjet.pdf used on input line 602.
(pdftex.def)             Requested size: 135.94055pt x 129.7081pt.

Underfull \hbox (badness 10000) in paragraph at lines 597--609
[][] []
 []


Underfull \hbox (badness 10000) in paragraph at lines 597--609
[] []
 []


LaTeX Warning: Float too large for page by 98.5358pt on input line 611.

[34] [35 <./figures/real_lepton_efficiency/Compare_TandP_truth_match_electron_p
t.pdf, page is rotated 90 degrees> <./figures/real_lepton_efficiency/Compare_Ta
ndP_truth_match_electron_eta.pdf, page is rotated 90 degrees> <./figures/real_l
epton_efficiency/Compare_TandP_truth_match_electron_dRjet.pdf, page is rotated 
90 degrees> <./figures/real_lepton_efficiency/Compare_TandP_truth_match_muon_pt
.pdf, page is rotated 90 degrees> <./figures/real_lepton_efficiency/Compare_Tan
dP_truth_match_muon_eta.pdf, page is rotated 90 degrees> <./figures/real_lepton
_efficiency/Compare_TandP_truth_match_muon_dRjet.pdf, page is rotated 90 degree
s>]
<figures/real_lepton_efficiency/real_efficiency_ratio_plot_electron_pt.pdf, id=
1673, 569.12625pt x 547.04375pt>
File: figures/real_lepton_efficiency/real_efficiency_ratio_plot_electron_pt.pdf
 Graphic file (type pdf)

<use figures/real_lepton_efficiency/real_efficiency_ratio_plot_electron_pt.pdf>
Package pdftex.def Info: figures/real_lepton_efficiency/real_efficiency_ratio_p
lot_electron_pt.pdf used on input line 630.
(pdftex.def)             Requested size: 135.94055pt x 130.66713pt.

<figures/real_lepton_efficiency/real_efficiency_ratio_plot_electron_eta.pdf, id
=1674, 569.12625pt x 547.04375pt>
File: figures/real_lepton_efficiency/real_efficiency_ratio_plot_electron_eta.pd
f Graphic file (type pdf)

<use figures/real_lepton_efficiency/real_efficiency_ratio_plot_electron_eta.pdf
>
Package pdftex.def Info: figures/real_lepton_efficiency/real_efficiency_ratio_p
lot_electron_eta.pdf used on input line 631.
(pdftex.def)             Requested size: 135.94055pt x 130.66713pt.

<figures/real_lepton_efficiency/real_efficiency_ratio_plot_electron_dRjet.pdf, 
id=1675, 569.12625pt x 547.04375pt>
File: figures/real_lepton_efficiency/real_efficiency_ratio_plot_electron_dRjet.
pdf Graphic file (type pdf)

<use figures/real_lepton_efficiency/real_efficiency_ratio_plot_electron_dRjet.p
df>
Package pdftex.def Info: figures/real_lepton_efficiency/real_efficiency_ratio_p
lot_electron_dRjet.pdf used on input line 632.
(pdftex.def)             Requested size: 135.94055pt x 130.66713pt.

<figures/real_lepton_efficiency/real_efficiency_ratio_plot_muon_pt.pdf, id=1676
, 569.12625pt x 547.04375pt>
File: figures/real_lepton_efficiency/real_efficiency_ratio_plot_muon_pt.pdf Gra
phic file (type pdf)

<use figures/real_lepton_efficiency/real_efficiency_ratio_plot_muon_pt.pdf>
Package pdftex.def Info: figures/real_lepton_efficiency/real_efficiency_ratio_p
lot_muon_pt.pdf used on input line 633.
(pdftex.def)             Requested size: 135.94055pt x 130.66713pt.

<figures/real_lepton_efficiency/real_efficiency_ratio_plot_muon_eta.pdf, id=167
7, 569.12625pt x 547.04375pt>
File: figures/real_lepton_efficiency/real_efficiency_ratio_plot_muon_eta.pdf Gr
aphic file (type pdf)

<use figures/real_lepton_efficiency/real_efficiency_ratio_plot_muon_eta.pdf>
Package pdftex.def Info: figures/real_lepton_efficiency/real_efficiency_ratio_p
lot_muon_eta.pdf used on input line 634.
(pdftex.def)             Requested size: 135.94055pt x 130.66713pt.

<figures/real_lepton_efficiency/real_efficiency_ratio_plot_muon_dRjet.pdf, id=1
678, 569.12625pt x 547.04375pt>
File: figures/real_lepton_efficiency/real_efficiency_ratio_plot_muon_dRjet.pdf 
Graphic file (type pdf)

<use figures/real_lepton_efficiency/real_efficiency_ratio_plot_muon_dRjet.pdf>
Package pdftex.def Info: figures/real_lepton_efficiency/real_efficiency_ratio_p
lot_muon_dRjet.pdf used on input line 635.
(pdftex.def)             Requested size: 135.94055pt x 130.66713pt.

Underfull \hbox (badness 10000) in paragraph at lines 630--641
[][] []
 []


Underfull \hbox (badness 10000) in paragraph at lines 630--641
[] []
 []


LaTeX Warning: Float too large for page by 184.58029pt on input line 643.

[36] [37 <./figures/real_lepton_efficiency/real_efficiency_ratio_plot_electron_
pt.pdf, page is rotated 90 degrees> <./figures/real_lepton_efficiency/real_effi
ciency_ratio_plot_electron_eta.pdf, page is rotated 90 degrees> <./figures/real
_lepton_efficiency/real_efficiency_ratio_plot_electron_dRjet.pdf, page is rotat
ed 90 degrees> <./figures/real_lepton_efficiency/real_efficiency_ratio_plot_muo
n_pt.pdf, page is rotated 90 degrees> <./figures/real_lepton_efficiency/real_ef
ficiency_ratio_plot_muon_eta.pdf, page is rotated 90 degrees> <./figures/real_l
epton_efficiency/real_efficiency_ratio_plot_muon_dRjet.pdf, page is rotated 90 
degrees>]
<figures/real_lepton_efficiency/real_efficiency_vs_AvgMu_elec.pdf, id=1945, 569
.12625pt x 547.04375pt>
File: figures/real_lepton_efficiency/real_efficiency_vs_AvgMu_elec.pdf Graphic 
file (type pdf)

<use figures/real_lepton_efficiency/real_efficiency_vs_AvgMu_elec.pdf>
Package pdftex.def Info: figures/real_lepton_efficiency/real_efficiency_vs_AvgM
u_elec.pdf used on input line 663.
(pdftex.def)             Requested size: 197.72885pt x 190.0575pt.

<figures/real_lepton_efficiency/real_efficiency_vs_AvgMu_muon.pdf, id=1946, 569
.12625pt x 547.04375pt>
File: figures/real_lepton_efficiency/real_efficiency_vs_AvgMu_muon.pdf Graphic 
file (type pdf)

<use figures/real_lepton_efficiency/real_efficiency_vs_AvgMu_muon.pdf>
Package pdftex.def Info: figures/real_lepton_efficiency/real_efficiency_vs_AvgM
u_muon.pdf used on input line 664.
(pdftex.def)             Requested size: 197.72885pt x 190.0575pt.

<figures/real_lepton_efficiency/real_efficiency_ratio_plot_electron_pt_ttbar_gt
t.pdf, id=1947, 569.12625pt x 547.04375pt>
File: figures/real_lepton_efficiency/real_efficiency_ratio_plot_electron_pt_ttb
ar_gtt.pdf Graphic file (type pdf)

<use figures/real_lepton_efficiency/real_efficiency_ratio_plot_electron_pt_ttba
r_gtt.pdf>
Package pdftex.def Info: figures/real_lepton_efficiency/real_efficiency_ratio_p
lot_electron_pt_ttbar_gtt.pdf used on input line 676.
(pdftex.def)             Requested size: 197.72885pt x 190.0575pt.

<figures/real_lepton_efficiency/real_efficiency_ratio_plot_muon_pt_ttbar_gtt.pd
f, id=1948, 569.12625pt x 547.04375pt>
File: figures/real_lepton_efficiency/real_efficiency_ratio_plot_muon_pt_ttbar_g
tt.pdf Graphic file (type pdf)

<use figures/real_lepton_efficiency/real_efficiency_ratio_plot_muon_pt_ttbar_gt
t.pdf>
Package pdftex.def Info: figures/real_lepton_efficiency/real_efficiency_ratio_p
lot_muon_pt_ttbar_gtt.pdf used on input line 677.
(pdftex.def)             Requested size: 197.72885pt x 190.0575pt.
 [38] [39 <./figures/real_lepton_efficiency/real_efficiency_vs_AvgMu_elec.pdf, 
page is rotated 90 degrees> <./figures/real_lepton_efficiency/real_efficiency_v
s_AvgMu_muon.pdf, page is rotated 90 degrees>] [40 <./figures/real_lepton_effic
iency/real_efficiency_ratio_plot_electron_pt_ttbar_gtt.pdf, page is rotated 90 
degrees> <./figures/real_lepton_efficiency/real_efficiency_ratio_plot_muon_pt_t
tbar_gtt.pdf, page is rotated 90 degrees>] [41] [42] [43]
<figures/real_lepton_efficiency/trigger_uncertainty_electron_eta080_ratio_plot.
pdf, id=2141, 569.12625pt x 543.02875pt>
File: figures/real_lepton_efficiency/trigger_uncertainty_electron_eta080_ratio_
plot.pdf Graphic file (type pdf)

<use figures/real_lepton_efficiency/trigger_uncertainty_electron_eta080_ratio_p
lot.pdf>
Package pdftex.def Info: figures/real_lepton_efficiency/trigger_uncertainty_ele
ctron_eta080_ratio_plot.pdf used on input line 800.
(pdftex.def)             Requested size: 135.94055pt x 129.7081pt.

<figures/real_lepton_efficiency/trigger_uncertainty_electron_eta80137_ratio_plo
t.pdf, id=2142, 569.12625pt x 543.02875pt>
File: figures/real_lepton_efficiency/trigger_uncertainty_electron_eta80137_rati
o_plot.pdf Graphic file (type pdf)

<use figures/real_lepton_efficiency/trigger_uncertainty_electron_eta80137_ratio
_plot.pdf>
Package pdftex.def Info: figures/real_lepton_efficiency/trigger_uncertainty_ele
ctron_eta80137_ratio_plot.pdf used on input line 801.
(pdftex.def)             Requested size: 135.94055pt x 129.7081pt.

<figures/real_lepton_efficiency/trigger_uncertainty_electron_eta152201_ratio_pl
ot.pdf, id=2143, 569.12625pt x 543.02875pt>
File: figures/real_lepton_efficiency/trigger_uncertainty_electron_eta152201_rat
io_plot.pdf Graphic file (type pdf)

<use figures/real_lepton_efficiency/trigger_uncertainty_electron_eta152201_rati
o_plot.pdf>
Package pdftex.def Info: figures/real_lepton_efficiency/trigger_uncertainty_ele
ctron_eta152201_ratio_plot.pdf used on input line 802.
(pdftex.def)             Requested size: 135.94055pt x 129.7081pt.

Underfull \hbox (badness 10000) in paragraph at lines 800--806
[][] []
 []


<figures/real_lepton_efficiency/trigger_uncertainty_muon_eta060_ratio_plot.pdf,
 id=2144, 569.12625pt x 543.02875pt>
File: figures/real_lepton_efficiency/trigger_uncertainty_muon_eta060_ratio_plot
.pdf Graphic file (type pdf)

<use figures/real_lepton_efficiency/trigger_uncertainty_muon_eta060_ratio_plot.
pdf>
Package pdftex.def Info: figures/real_lepton_efficiency/trigger_uncertainty_muo
n_eta060_ratio_plot.pdf used on input line 811.
(pdftex.def)             Requested size: 197.72885pt x 188.66257pt.

<figures/real_lepton_efficiency/trigger_uncertainty_muon_eta60120_ratio_plot.pd
f, id=2145, 569.12625pt x 543.02875pt>
File: figures/real_lepton_efficiency/trigger_uncertainty_muon_eta60120_ratio_pl
ot.pdf Graphic file (type pdf)

<use figures/real_lepton_efficiency/trigger_uncertainty_muon_eta60120_ratio_plo
t.pdf>
Package pdftex.def Info: figures/real_lepton_efficiency/trigger_uncertainty_muo
n_eta60120_ratio_plot.pdf used on input line 812.
(pdftex.def)             Requested size: 197.72885pt x 188.66257pt.

<figures/real_lepton_efficiency/trigger_uncertainty_muon_eta120180_ratio_plot.p
df, id=2146, 569.12625pt x 543.02875pt>
File: figures/real_lepton_efficiency/trigger_uncertainty_muon_eta120180_ratio_p
lot.pdf Graphic file (type pdf)

<use figures/real_lepton_efficiency/trigger_uncertainty_muon_eta120180_ratio_pl
ot.pdf>
Package pdftex.def Info: figures/real_lepton_efficiency/trigger_uncertainty_muo
n_eta120180_ratio_plot.pdf used on input line 813.
(pdftex.def)             Requested size: 197.72885pt x 188.66257pt.

<figures/real_lepton_efficiency/trigger_uncertainty_muon_eta180250_ratio_plot.p
df, id=2147, 569.12625pt x 543.02875pt>
File: figures/real_lepton_efficiency/trigger_uncertainty_muon_eta180250_ratio_p
lot.pdf Graphic file (type pdf)

<use figures/real_lepton_efficiency/trigger_uncertainty_muon_eta180250_ratio_pl
ot.pdf>
Package pdftex.def Info: figures/real_lepton_efficiency/trigger_uncertainty_muo
n_eta180250_ratio_plot.pdf used on input line 814.
(pdftex.def)             Requested size: 197.72885pt x 188.66257pt.
 [44] [45 <./figures/real_lepton_efficiency/trigger_uncertainty_electron_eta080
_ratio_plot.pdf, page is rotated 90 degrees> <./figures/real_lepton_efficiency/
trigger_uncertainty_electron_eta80137_ratio_plot.pdf, page is rotated 90 degree
s> <./figures/real_lepton_efficiency/trigger_uncertainty_electron_eta152201_rat
io_plot.pdf, page is rotated 90 degrees>] [46 <./figures/real_lepton_efficiency
/trigger_uncertainty_muon_eta060_ratio_plot.pdf, page is rotated 90 degrees> <.
/figures/real_lepton_efficiency/trigger_uncertainty_muon_eta60120_ratio_plot.pd
f, page is rotated 90 degrees> <./figures/real_lepton_efficiency/trigger_uncert
ainty_muon_eta120180_ratio_plot.pdf, page is rotated 90 degrees> <./figures/rea
l_lepton_efficiency/trigger_uncertainty_muon_eta180250_ratio_plot.pdf, page is 
rotated 90 degrees>] [47] [48]
<figures/real_lepton_efficiency/baseline_kinematics.pdf, id=2466, 569.12625pt x
 322.20375pt>
File: figures/real_lepton_efficiency/baseline_kinematics.pdf Graphic file (type
 pdf)
 <use figures/real_lepton_efficiency/baseline_kinematics.pdf>
Package pdftex.def Info: figures/real_lepton_efficiency/baseline_kinematics.pdf
 used on input line 917.
(pdftex.def)             Requested size: 395.464pt x 223.89899pt.

<figures/real_lepton_efficiency/baseline_deltaR_and_NJets.pdf, id=2467, 569.126
25pt x 322.20375pt>
File: figures/real_lepton_efficiency/baseline_deltaR_and_NJets.pdf Graphic file
 (type pdf)

<use figures/real_lepton_efficiency/baseline_deltaR_and_NJets.pdf>
Package pdftex.def Info: figures/real_lepton_efficiency/baseline_deltaR_and_NJe
ts.pdf used on input line 927.
(pdftex.def)             Requested size: 395.464pt x 223.89899pt.
 [49]
[50 <./figures/real_lepton_efficiency/baseline_kinematics.pdf, page is rotated 
90 degrees>] [51 <./figures/real_lepton_efficiency/baseline_deltaR_and_NJets.pd
f, page is rotated 90 degrees>] [52] [53]

LaTeX Warning: Float too large for page by 57.50339pt on input line 1046.


LaTeX Warning: Float too large for page by 30.30338pt on input line 1080.

) [54] [55] [56]
Chapter 6.
(./texfiles/chap.ss3l.tex) [57

] (./texfiles/sec.concl.tex)
No file thesis.bbl.
[58

] (./thesis.aux)

LaTeX Warning: There were undefined references.


LaTeX Warning: There were multiply-defined labels.

 ) 
Here is how much of TeX's memory you used:
 17658 strings out of 493014
 373467 string characters out of 6133351
 464953 words of memory out of 5000000
 20586 multiletter control sequences out of 15000+600000
 18328 words of font info for 143 fonts, out of 8000000 for 9000
 1141 hyphenation exceptions out of 8191
 62i,16n,69p,1264b,387s stack positions out of 5000i,500n,10000p,200000b,80000s
</usr/local/texlive/2016/texmf-dist/fonts/type1/public/amsfonts/cm/cmbx10.pfb
></usr/local/texlive/2016/texmf-dist/fonts/type1/public/amsfonts/cm/cmbx12.pfb>
</usr/local/texlive/2016/texmf-dist/fonts/type1/public/amsfonts/cm/cmcsc10.pfb>
</usr/local/texlive/2016/texmf-dist/fonts/type1/public/amsfonts/cm/cmex10.pfb><
/usr/local/texlive/2016/texmf-dist/fonts/type1/public/amsfonts/cm/cmmi10.pfb></
usr/local/texlive/2016/texmf-dist/fonts/type1/public/amsfonts/cm/cmmi12.pfb></u
sr/local/texlive/2016/texmf-dist/fonts/type1/public/amsfonts/cm/cmmi6.pfb></usr
/local/texlive/2016/texmf-dist/fonts/type1/public/amsfonts/cm/cmmi8.pfb></usr/l
ocal/texlive/2016/texmf-dist/fonts/type1/public/amsfonts/cm/cmr10.pfb></usr/loc
al/texlive/2016/texmf-dist/fonts/type1/public/amsfonts/cm/cmr12.pfb></usr/local
/texlive/2016/texmf-dist/fonts/type1/public/amsfonts/cm/cmr6.pfb></usr/local/te
xlive/2016/texmf-dist/fonts/type1/public/amsfonts/cm/cmr7.pfb></usr/local/texli
ve/2016/texmf-dist/fonts/type1/public/amsfonts/cm/cmr8.pfb></usr/local/texlive/
2016/texmf-dist/fonts/type1/public/amsfonts/cm/cmsy10.pfb></usr/local/texlive/2
016/texmf-dist/fonts/type1/public/amsfonts/cm/cmsy8.pfb></usr/local/texlive/201
6/texmf-dist/fonts/type1/public/amsfonts/cm/cmtt12.pfb>
Output written on thesis.pdf (70 pages, 1460824 bytes).
PDF statistics:
 2640 PDF objects out of 2984 (max. 8388607)
 1161 compressed objects within 12 object streams
 0 named destinations out of 1000 (max. 500000)
 15643 words of extra memory for PDF output out of 17280 (max. 10000000)

